[2016-07-07 15:06:40,807] DEBUG preRegister called. Server=com.sun.jmx.mbeanserver.JmxMBeanServer@66d3c617, name=log4j:logger=kafka.controller (kafka.controller)
[2016-07-07 15:06:56,624] DEBUG preRegister called. Server=com.sun.jmx.mbeanserver.JmxMBeanServer@66d3c617, name=log4j:logger=kafka.controller (kafka.controller)
[2016-07-07 15:15:56,555] DEBUG preRegister called. Server=com.sun.jmx.mbeanserver.JmxMBeanServer@66d3c617, name=log4j:logger=kafka.controller (kafka.controller)
[2016-07-07 15:24:23,920] DEBUG preRegister called. Server=com.sun.jmx.mbeanserver.JmxMBeanServer@66d3c617, name=log4j:logger=kafka.controller (kafka.controller)
[2016-07-07 15:27:29,865] DEBUG preRegister called. Server=com.sun.jmx.mbeanserver.JmxMBeanServer@66d3c617, name=log4j:logger=kafka.controller (kafka.controller)
[2016-07-07 15:33:24,009] INFO [Controller 0]: Controller starting up (kafka.controller.KafkaController)
[2016-07-07 15:33:24,102] INFO [Controller 0]: Broker 0 starting become controller state transition (kafka.controller.KafkaController)
[2016-07-07 15:33:24,116] INFO [Controller 0]: Initialized controller epoch to 3 and zk version 2 (kafka.controller.KafkaController)
[2016-07-07 15:33:24,129] INFO [Controller 0]: Controller 0 incremented epoch to 4 (kafka.controller.KafkaController)
[2016-07-07 15:33:24,140] DEBUG [Controller 0]: Registering IsrChangeNotificationListener (kafka.controller.KafkaController)
[2016-07-07 15:33:24,339] INFO [Controller 0]: Partitions undergoing preferred replica election:  (kafka.controller.KafkaController)
[2016-07-07 15:33:24,340] INFO [Controller 0]: Partitions that completed preferred replica election:  (kafka.controller.KafkaController)
[2016-07-07 15:33:24,341] INFO [Controller 0]: Resuming preferred replica election for partitions:  (kafka.controller.KafkaController)
[2016-07-07 15:33:24,348] INFO [Controller 0]: Partitions being reassigned: Map() (kafka.controller.KafkaController)
[2016-07-07 15:33:24,350] INFO [Controller 0]: Partitions already reassigned: List() (kafka.controller.KafkaController)
[2016-07-07 15:33:24,353] INFO [Controller 0]: Resuming reassignment of partitions: Map() (kafka.controller.KafkaController)
[2016-07-07 15:33:24,363] INFO [Controller 0]: List of topics to be deleted:  (kafka.controller.KafkaController)
[2016-07-07 15:33:24,364] INFO [Controller 0]: List of topics ineligible for deletion: ttttttttttttt,qqqqqqqqqqqqqq,test (kafka.controller.KafkaController)
[2016-07-07 15:33:24,366] INFO [Controller 0]: Currently active brokers in the cluster: Set() (kafka.controller.KafkaController)
[2016-07-07 15:33:24,367] INFO [Controller 0]: Currently shutting brokers in the cluster: Set() (kafka.controller.KafkaController)
[2016-07-07 15:33:24,367] INFO [Controller 0]: Current list of topics in the cluster: Set(ttttttttttttt, test, qqqqqqqqqqqqqq) (kafka.controller.KafkaController)
[2016-07-07 15:33:24,373] INFO [Replica state machine on controller 0]: Started replica state machine with initial state -> Map([Topic=test,Partition=0,Replica=0] -> ReplicaDeletionIneligible, [Topic=qqqqqqqqqqqqqq,Partition=0,Replica=0] -> ReplicaDeletionIneligible, [Topic=ttttttttttttt,Partition=0,Replica=0] -> ReplicaDeletionIneligible) (kafka.controller.ReplicaStateMachine)
[2016-07-07 15:33:24,427] DEBUG [OfflinePartitionLeaderSelector]: No broker in ISR is alive for [ttttttttttttt,0]. Pick the leader from the alive assigned replicas:  (kafka.controller.OfflinePartitionLeaderSelector)
[2016-07-07 15:33:24,458] DEBUG [OfflinePartitionLeaderSelector]: No broker in ISR is alive for [qqqqqqqqqqqqqq,0]. Pick the leader from the alive assigned replicas:  (kafka.controller.OfflinePartitionLeaderSelector)
[2016-07-07 15:33:24,477] DEBUG [OfflinePartitionLeaderSelector]: No broker in ISR is alive for [test,0]. Pick the leader from the alive assigned replicas:  (kafka.controller.OfflinePartitionLeaderSelector)
[2016-07-07 15:33:24,502] INFO [Partition state machine on Controller 0]: Started partition state machine with initial state -> Map([ttttttttttttt,0] -> OfflinePartition, [qqqqqqqqqqqqqq,0] -> OfflinePartition, [test,0] -> OfflinePartition) (kafka.controller.PartitionStateMachine)
[2016-07-07 15:33:24,517] INFO [Controller 0]: Broker 0 is ready to serve as the new controller with epoch 4 (kafka.controller.KafkaController)
[2016-07-07 15:33:24,518] INFO [Controller 0]: Starting preferred replica leader election for partitions  (kafka.controller.KafkaController)
[2016-07-07 15:33:24,523] INFO [Partition state machine on Controller 0]: Invoking state change to OnlinePartition for partitions  (kafka.controller.PartitionStateMachine)
[2016-07-07 15:33:24,536] INFO [Controller 0]: starting the partition rebalance scheduler (kafka.controller.KafkaController)
[2016-07-07 15:33:24,540] INFO [Controller 0]: Controller startup complete (kafka.controller.KafkaController)
[2016-07-07 15:33:24,991] INFO [BrokerChangeListener on Controller 0]: Broker change listener fired for path /brokers/ids with children 0 (kafka.controller.ReplicaStateMachine$BrokerChangeListener)
[2016-07-07 15:33:25,207] INFO [BrokerChangeListener on Controller 0]: Newly added brokers: 0, deleted brokers: , all live brokers: 0 (kafka.controller.ReplicaStateMachine$BrokerChangeListener)
[2016-07-07 15:33:25,210] DEBUG [Channel manager on controller 0]: Controller 0 trying to connect to broker 0 (kafka.controller.ControllerChannelManager)
[2016-07-07 15:33:25,275] INFO [Controller 0]: New broker startup callback for 0 (kafka.controller.KafkaController)
[2016-07-07 15:33:25,280] INFO [Controller-0-to-broker-0-send-thread], Starting  (kafka.controller.RequestSendThread)
[2016-07-07 15:33:25,358] INFO [Replica state machine on controller 0]: Invoking state change to OnlineReplica for replicas [Topic=ttttttttttttt,Partition=0,Replica=0],[Topic=qqqqqqqqqqqqqq,Partition=0,Replica=0],[Topic=test,Partition=0,Replica=0] (kafka.controller.ReplicaStateMachine)
[2016-07-07 15:33:25,391] INFO [Controller-0-to-broker-0-send-thread], Controller 0 connected to Node(0, jeakeven, 9092) for sending state change requests (kafka.controller.RequestSendThread)
[2016-07-07 15:33:25,437] DEBUG [OfflinePartitionLeaderSelector]: Some broker in ISR is alive for [ttttttttttttt,0]. Select 0 from ISR 0 to be the leader. (kafka.controller.OfflinePartitionLeaderSelector)
[2016-07-07 15:33:25,470] INFO [OfflinePartitionLeaderSelector]: Selected new leader and ISR {"leader":0,"leader_epoch":2,"isr":[0]} for offline partition [ttttttttttttt,0] (kafka.controller.OfflinePartitionLeaderSelector)
[2016-07-07 15:33:25,518] DEBUG [Partition state machine on Controller 0]: After leader election, leader cache is updated to Map([ttttttttttttt,0] -> (Leader:0,ISR:0,LeaderEpoch:2,ControllerEpoch:4), [qqqqqqqqqqqqqq,0] -> (Leader:0,ISR:0,LeaderEpoch:0,ControllerEpoch:3), [test,0] -> (Leader:0,ISR:0,LeaderEpoch:2,ControllerEpoch:3)) (kafka.controller.PartitionStateMachine)
[2016-07-07 15:33:25,540] DEBUG [OfflinePartitionLeaderSelector]: Some broker in ISR is alive for [qqqqqqqqqqqqqq,0]. Select 0 from ISR 0 to be the leader. (kafka.controller.OfflinePartitionLeaderSelector)
[2016-07-07 15:33:25,540] INFO [OfflinePartitionLeaderSelector]: Selected new leader and ISR {"leader":0,"leader_epoch":1,"isr":[0]} for offline partition [qqqqqqqqqqqqqq,0] (kafka.controller.OfflinePartitionLeaderSelector)
[2016-07-07 15:33:25,556] DEBUG [Partition state machine on Controller 0]: After leader election, leader cache is updated to Map([ttttttttttttt,0] -> (Leader:0,ISR:0,LeaderEpoch:2,ControllerEpoch:4), [qqqqqqqqqqqqqq,0] -> (Leader:0,ISR:0,LeaderEpoch:1,ControllerEpoch:4), [test,0] -> (Leader:0,ISR:0,LeaderEpoch:2,ControllerEpoch:3)) (kafka.controller.PartitionStateMachine)
[2016-07-07 15:33:25,572] DEBUG [OfflinePartitionLeaderSelector]: Some broker in ISR is alive for [test,0]. Select 0 from ISR 0 to be the leader. (kafka.controller.OfflinePartitionLeaderSelector)
[2016-07-07 15:33:25,572] INFO [OfflinePartitionLeaderSelector]: Selected new leader and ISR {"leader":0,"leader_epoch":3,"isr":[0]} for offline partition [test,0] (kafka.controller.OfflinePartitionLeaderSelector)
[2016-07-07 15:33:25,583] DEBUG [Partition state machine on Controller 0]: After leader election, leader cache is updated to Map([ttttttttttttt,0] -> (Leader:0,ISR:0,LeaderEpoch:2,ControllerEpoch:4), [qqqqqqqqqqqqqq,0] -> (Leader:0,ISR:0,LeaderEpoch:1,ControllerEpoch:4), [test,0] -> (Leader:0,ISR:0,LeaderEpoch:3,ControllerEpoch:4)) (kafka.controller.PartitionStateMachine)
[2016-07-07 15:33:29,545] TRACE [Controller 0]: checking need to trigger partition rebalance (kafka.controller.KafkaController)
[2016-07-07 15:33:29,562] DEBUG [Controller 0]: preferred replicas by broker Map(0 -> Map([ttttttttttttt,0] -> List(0), [qqqqqqqqqqqqqq,0] -> List(0), [test,0] -> List(0))) (kafka.controller.KafkaController)
[2016-07-07 15:33:29,572] DEBUG [Controller 0]: topics not in preferred replica Map() (kafka.controller.KafkaController)
[2016-07-07 15:33:29,586] TRACE [Controller 0]: leader imbalance ratio for broker 0 is 0.000000 (kafka.controller.KafkaController)
[2016-07-07 15:33:39,977] INFO [Controller 0]: Shutting down broker 0 (kafka.controller.KafkaController)
[2016-07-07 15:33:39,982] DEBUG [Controller 0]: All shutting down brokers: 0 (kafka.controller.KafkaController)
[2016-07-07 15:33:39,982] DEBUG [Controller 0]: Live brokers:  (kafka.controller.KafkaController)
[2016-07-07 15:33:39,992] TRACE [Controller 0]: All leaders = [ttttttttttttt,0] -> (Leader:0,ISR:0,LeaderEpoch:2,ControllerEpoch:4),[qqqqqqqqqqqqqq,0] -> (Leader:0,ISR:0,LeaderEpoch:1,ControllerEpoch:4),[test,0] -> (Leader:0,ISR:0,LeaderEpoch:3,ControllerEpoch:4) (kafka.controller.KafkaController)
[2016-07-07 15:33:41,337] DEBUG [Controller 0]: Controller resigning, broker id 0 (kafka.controller.KafkaController)
[2016-07-07 15:33:41,339] DEBUG [Controller 0]: De-registering IsrChangeNotificationListener (kafka.controller.KafkaController)
[2016-07-07 15:33:41,344] INFO [Partition state machine on Controller 0]: Stopped partition state machine (kafka.controller.PartitionStateMachine)
[2016-07-07 15:33:41,359] INFO [Replica state machine on controller 0]: Stopped replica state machine (kafka.controller.ReplicaStateMachine)
[2016-07-07 15:33:41,386] INFO [Controller-0-to-broker-0-send-thread], Shutting down (kafka.controller.RequestSendThread)
[2016-07-07 15:33:41,386] INFO [Controller-0-to-broker-0-send-thread], Stopped  (kafka.controller.RequestSendThread)
[2016-07-07 15:33:41,386] INFO [Controller-0-to-broker-0-send-thread], Shutdown completed (kafka.controller.RequestSendThread)
[2016-07-07 15:33:41,387] INFO [Controller 0]: Broker 0 resigned as the controller (kafka.controller.KafkaController)
[2016-07-07 15:34:07,669] INFO [Controller 0]: Controller starting up (kafka.controller.KafkaController)
[2016-07-07 15:34:07,708] INFO [Controller 0]: Broker 0 starting become controller state transition (kafka.controller.KafkaController)
[2016-07-07 15:34:07,728] INFO [Controller 0]: Initialized controller epoch to 4 and zk version 3 (kafka.controller.KafkaController)
[2016-07-07 15:34:07,741] INFO [Controller 0]: Controller 0 incremented epoch to 5 (kafka.controller.KafkaController)
[2016-07-07 15:34:07,743] DEBUG [Controller 0]: Registering IsrChangeNotificationListener (kafka.controller.KafkaController)
[2016-07-07 15:34:07,904] INFO [Controller 0]: Partitions undergoing preferred replica election:  (kafka.controller.KafkaController)
[2016-07-07 15:34:07,906] INFO [Controller 0]: Partitions that completed preferred replica election:  (kafka.controller.KafkaController)
[2016-07-07 15:34:07,907] INFO [Controller 0]: Resuming preferred replica election for partitions:  (kafka.controller.KafkaController)
[2016-07-07 15:34:07,924] INFO [Controller 0]: Partitions being reassigned: Map() (kafka.controller.KafkaController)
[2016-07-07 15:34:07,926] INFO [Controller 0]: Partitions already reassigned: List() (kafka.controller.KafkaController)
[2016-07-07 15:34:07,931] INFO [Controller 0]: Resuming reassignment of partitions: Map() (kafka.controller.KafkaController)
[2016-07-07 15:34:07,951] INFO [Controller 0]: List of topics to be deleted:  (kafka.controller.KafkaController)
[2016-07-07 15:34:07,952] INFO [Controller 0]: List of topics ineligible for deletion: ttttttttttttt,qqqqqqqqqqqqqq,test (kafka.controller.KafkaController)
[2016-07-07 15:34:07,954] INFO [Controller 0]: Currently active brokers in the cluster: Set() (kafka.controller.KafkaController)
[2016-07-07 15:34:07,955] INFO [Controller 0]: Currently shutting brokers in the cluster: Set() (kafka.controller.KafkaController)
[2016-07-07 15:34:07,955] INFO [Controller 0]: Current list of topics in the cluster: Set(ttttttttttttt, test, qqqqqqqqqqqqqq) (kafka.controller.KafkaController)
[2016-07-07 15:34:07,968] INFO [Replica state machine on controller 0]: Started replica state machine with initial state -> Map([Topic=test,Partition=0,Replica=0] -> ReplicaDeletionIneligible, [Topic=qqqqqqqqqqqqqq,Partition=0,Replica=0] -> ReplicaDeletionIneligible, [Topic=ttttttttttttt,Partition=0,Replica=0] -> ReplicaDeletionIneligible) (kafka.controller.ReplicaStateMachine)
[2016-07-07 15:34:08,021] DEBUG [OfflinePartitionLeaderSelector]: No broker in ISR is alive for [ttttttttttttt,0]. Pick the leader from the alive assigned replicas:  (kafka.controller.OfflinePartitionLeaderSelector)
[2016-07-07 15:34:08,063] DEBUG [OfflinePartitionLeaderSelector]: No broker in ISR is alive for [qqqqqqqqqqqqqq,0]. Pick the leader from the alive assigned replicas:  (kafka.controller.OfflinePartitionLeaderSelector)
[2016-07-07 15:34:08,095] DEBUG [OfflinePartitionLeaderSelector]: No broker in ISR is alive for [test,0]. Pick the leader from the alive assigned replicas:  (kafka.controller.OfflinePartitionLeaderSelector)
[2016-07-07 15:34:08,111] INFO [Partition state machine on Controller 0]: Started partition state machine with initial state -> Map([ttttttttttttt,0] -> OfflinePartition, [qqqqqqqqqqqqqq,0] -> OfflinePartition, [test,0] -> OfflinePartition) (kafka.controller.PartitionStateMachine)
[2016-07-07 15:34:08,123] INFO [Controller 0]: Broker 0 is ready to serve as the new controller with epoch 5 (kafka.controller.KafkaController)
[2016-07-07 15:34:08,124] INFO [Controller 0]: Starting preferred replica leader election for partitions  (kafka.controller.KafkaController)
[2016-07-07 15:34:08,129] INFO [Partition state machine on Controller 0]: Invoking state change to OnlinePartition for partitions  (kafka.controller.PartitionStateMachine)
[2016-07-07 15:34:08,156] INFO [Controller 0]: starting the partition rebalance scheduler (kafka.controller.KafkaController)
[2016-07-07 15:34:08,162] INFO [Controller 0]: Controller startup complete (kafka.controller.KafkaController)
[2016-07-07 15:34:08,619] INFO [BrokerChangeListener on Controller 0]: Broker change listener fired for path /brokers/ids with children 0 (kafka.controller.ReplicaStateMachine$BrokerChangeListener)
[2016-07-07 15:34:08,777] INFO [BrokerChangeListener on Controller 0]: Newly added brokers: 0, deleted brokers: , all live brokers: 0 (kafka.controller.ReplicaStateMachine$BrokerChangeListener)
[2016-07-07 15:34:08,782] DEBUG [Channel manager on controller 0]: Controller 0 trying to connect to broker 0 (kafka.controller.ControllerChannelManager)
[2016-07-07 15:34:08,828] INFO [Controller 0]: New broker startup callback for 0 (kafka.controller.KafkaController)
[2016-07-07 15:34:08,837] INFO [Controller-0-to-broker-0-send-thread], Starting  (kafka.controller.RequestSendThread)
[2016-07-07 15:34:08,883] INFO [Replica state machine on controller 0]: Invoking state change to OnlineReplica for replicas [Topic=ttttttttttttt,Partition=0,Replica=0],[Topic=qqqqqqqqqqqqqq,Partition=0,Replica=0],[Topic=test,Partition=0,Replica=0] (kafka.controller.ReplicaStateMachine)
[2016-07-07 15:34:08,927] INFO [Controller-0-to-broker-0-send-thread], Controller 0 connected to Node(0, jeakeven, 9092) for sending state change requests (kafka.controller.RequestSendThread)
[2016-07-07 15:34:08,984] DEBUG [OfflinePartitionLeaderSelector]: Some broker in ISR is alive for [ttttttttttttt,0]. Select 0 from ISR 0 to be the leader. (kafka.controller.OfflinePartitionLeaderSelector)
[2016-07-07 15:34:08,988] INFO [OfflinePartitionLeaderSelector]: Selected new leader and ISR {"leader":0,"leader_epoch":3,"isr":[0]} for offline partition [ttttttttttttt,0] (kafka.controller.OfflinePartitionLeaderSelector)
[2016-07-07 15:34:09,025] DEBUG [Partition state machine on Controller 0]: After leader election, leader cache is updated to Map([ttttttttttttt,0] -> (Leader:0,ISR:0,LeaderEpoch:3,ControllerEpoch:5), [qqqqqqqqqqqqqq,0] -> (Leader:0,ISR:0,LeaderEpoch:1,ControllerEpoch:4), [test,0] -> (Leader:0,ISR:0,LeaderEpoch:3,ControllerEpoch:4)) (kafka.controller.PartitionStateMachine)
[2016-07-07 15:34:09,054] DEBUG [OfflinePartitionLeaderSelector]: Some broker in ISR is alive for [qqqqqqqqqqqqqq,0]. Select 0 from ISR 0 to be the leader. (kafka.controller.OfflinePartitionLeaderSelector)
[2016-07-07 15:34:09,054] INFO [OfflinePartitionLeaderSelector]: Selected new leader and ISR {"leader":0,"leader_epoch":2,"isr":[0]} for offline partition [qqqqqqqqqqqqqq,0] (kafka.controller.OfflinePartitionLeaderSelector)
[2016-07-07 15:34:09,069] DEBUG [Partition state machine on Controller 0]: After leader election, leader cache is updated to Map([ttttttttttttt,0] -> (Leader:0,ISR:0,LeaderEpoch:3,ControllerEpoch:5), [qqqqqqqqqqqqqq,0] -> (Leader:0,ISR:0,LeaderEpoch:2,ControllerEpoch:5), [test,0] -> (Leader:0,ISR:0,LeaderEpoch:3,ControllerEpoch:4)) (kafka.controller.PartitionStateMachine)
[2016-07-07 15:34:09,091] DEBUG [OfflinePartitionLeaderSelector]: Some broker in ISR is alive for [test,0]. Select 0 from ISR 0 to be the leader. (kafka.controller.OfflinePartitionLeaderSelector)
[2016-07-07 15:34:09,091] INFO [OfflinePartitionLeaderSelector]: Selected new leader and ISR {"leader":0,"leader_epoch":4,"isr":[0]} for offline partition [test,0] (kafka.controller.OfflinePartitionLeaderSelector)
[2016-07-07 15:34:09,096] DEBUG [Partition state machine on Controller 0]: After leader election, leader cache is updated to Map([ttttttttttttt,0] -> (Leader:0,ISR:0,LeaderEpoch:3,ControllerEpoch:5), [qqqqqqqqqqqqqq,0] -> (Leader:0,ISR:0,LeaderEpoch:2,ControllerEpoch:5), [test,0] -> (Leader:0,ISR:0,LeaderEpoch:4,ControllerEpoch:5)) (kafka.controller.PartitionStateMachine)
[2016-07-07 15:34:13,160] TRACE [Controller 0]: checking need to trigger partition rebalance (kafka.controller.KafkaController)
[2016-07-07 15:34:13,167] DEBUG [Controller 0]: preferred replicas by broker Map(0 -> Map([ttttttttttttt,0] -> List(0), [qqqqqqqqqqqqqq,0] -> List(0), [test,0] -> List(0))) (kafka.controller.KafkaController)
[2016-07-07 15:34:13,170] DEBUG [Controller 0]: topics not in preferred replica Map() (kafka.controller.KafkaController)
[2016-07-07 15:34:13,175] TRACE [Controller 0]: leader imbalance ratio for broker 0 is 0.000000 (kafka.controller.KafkaController)
[2016-07-07 15:35:30,622] DEBUG [TopicChangeListener on Controller 0]: Topic change listener fired for path /brokers/topics with children ttttttttttttt,test,qqqqqqqqqqqqqq,test123 (kafka.controller.PartitionStateMachine$TopicChangeListener)
[2016-07-07 15:35:30,666] INFO [TopicChangeListener on Controller 0]: New topics: [Set(test123)], deleted topics: [Set()], new partition replica assignment [Map([test123,0] -> List(0))] (kafka.controller.PartitionStateMachine$TopicChangeListener)
[2016-07-07 15:35:30,679] INFO [Controller 0]: New topic creation callback for [test123,0] (kafka.controller.KafkaController)
[2016-07-07 15:35:30,697] INFO [Controller 0]: New partition creation callback for [test123,0] (kafka.controller.KafkaController)
[2016-07-07 15:35:30,698] INFO [Partition state machine on Controller 0]: Invoking state change to NewPartition for partitions [test123,0] (kafka.controller.PartitionStateMachine)
[2016-07-07 15:35:30,717] INFO [Replica state machine on controller 0]: Invoking state change to NewReplica for replicas [Topic=test123,Partition=0,Replica=0] (kafka.controller.ReplicaStateMachine)
[2016-07-07 15:35:30,724] INFO [Partition state machine on Controller 0]: Invoking state change to OnlinePartition for partitions [test123,0] (kafka.controller.PartitionStateMachine)
[2016-07-07 15:35:30,735] DEBUG [Partition state machine on Controller 0]: Live assigned replicas for partition [test123,0] are: [List(0)] (kafka.controller.PartitionStateMachine)
[2016-07-07 15:35:30,736] DEBUG [Partition state machine on Controller 0]: Initializing leader and isr for partition [test123,0] to (Leader:0,ISR:0,LeaderEpoch:0,ControllerEpoch:5) (kafka.controller.PartitionStateMachine)
[2016-07-07 15:35:30,787] INFO [Replica state machine on controller 0]: Invoking state change to OnlineReplica for replicas [Topic=test123,Partition=0,Replica=0] (kafka.controller.ReplicaStateMachine)
[2016-07-07 15:39:13,160] TRACE [Controller 0]: checking need to trigger partition rebalance (kafka.controller.KafkaController)
[2016-07-07 15:39:13,164] DEBUG [Controller 0]: preferred replicas by broker Map(0 -> Map([ttttttttttttt,0] -> List(0), [qqqqqqqqqqqqqq,0] -> List(0), [test,0] -> List(0), [test123,0] -> List(0))) (kafka.controller.KafkaController)
[2016-07-07 15:39:13,165] DEBUG [Controller 0]: topics not in preferred replica Map() (kafka.controller.KafkaController)
[2016-07-07 15:39:13,171] TRACE [Controller 0]: leader imbalance ratio for broker 0 is 0.000000 (kafka.controller.KafkaController)
[2016-07-07 15:40:21,465] INFO [Controller 0]: Shutting down broker 0 (kafka.controller.KafkaController)
[2016-07-07 15:40:21,467] DEBUG [Controller 0]: All shutting down brokers: 0 (kafka.controller.KafkaController)
[2016-07-07 15:40:21,468] DEBUG [Controller 0]: Live brokers:  (kafka.controller.KafkaController)
[2016-07-07 15:40:21,637] TRACE [Controller 0]: All leaders = [ttttttttttttt,0] -> (Leader:0,ISR:0,LeaderEpoch:3,ControllerEpoch:5),[qqqqqqqqqqqqqq,0] -> (Leader:0,ISR:0,LeaderEpoch:2,ControllerEpoch:5),[test123,0] -> (Leader:0,ISR:0,LeaderEpoch:0,ControllerEpoch:5),[test,0] -> (Leader:0,ISR:0,LeaderEpoch:4,ControllerEpoch:5) (kafka.controller.KafkaController)
[2016-07-07 15:40:24,428] DEBUG [Controller 0]: Controller resigning, broker id 0 (kafka.controller.KafkaController)
[2016-07-07 15:40:24,429] DEBUG [Controller 0]: De-registering IsrChangeNotificationListener (kafka.controller.KafkaController)
[2016-07-07 15:40:24,446] INFO [Partition state machine on Controller 0]: Stopped partition state machine (kafka.controller.PartitionStateMachine)
[2016-07-07 15:40:24,448] INFO [Replica state machine on controller 0]: Stopped replica state machine (kafka.controller.ReplicaStateMachine)
[2016-07-07 15:40:24,466] INFO [Controller-0-to-broker-0-send-thread], Shutting down (kafka.controller.RequestSendThread)
[2016-07-07 15:40:24,468] INFO [Controller-0-to-broker-0-send-thread], Stopped  (kafka.controller.RequestSendThread)
[2016-07-07 15:40:24,469] INFO [Controller-0-to-broker-0-send-thread], Shutdown completed (kafka.controller.RequestSendThread)
[2016-07-07 15:40:24,470] INFO [Controller 0]: Broker 0 resigned as the controller (kafka.controller.KafkaController)
