[2016-07-07 15:33:20,425] INFO KafkaConfig values: 
	advertised.host.name = null
	metric.reporters = []
	quota.producer.default = 9223372036854775807
	offsets.topic.num.partitions = 50
	log.flush.interval.messages = 9223372036854775807
	auto.create.topics.enable = true
	controller.socket.timeout.ms = 30000
	log.flush.interval.ms = null
	principal.builder.class = class org.apache.kafka.common.security.auth.DefaultPrincipalBuilder
	replica.socket.receive.buffer.bytes = 65536
	min.insync.replicas = 1
	replica.fetch.wait.max.ms = 500
	num.recovery.threads.per.data.dir = 1
	ssl.keystore.type = JKS
	default.replication.factor = 1
	ssl.truststore.password = null
	log.preallocate = false
	sasl.kerberos.principal.to.local.rules = [DEFAULT]
	fetch.purgatory.purge.interval.requests = 1000
	ssl.endpoint.identification.algorithm = null
	replica.socket.timeout.ms = 30000
	message.max.bytes = 1000012
	num.io.threads = 8
	offsets.commit.required.acks = -1
	log.flush.offset.checkpoint.interval.ms = 60000
	delete.topic.enable = false
	quota.window.size.seconds = 1
	ssl.truststore.type = JKS
	offsets.commit.timeout.ms = 5000
	quota.window.num = 11
	zookeeper.connect = localhost:9876
	authorizer.class.name = 
	num.replica.fetchers = 1
	log.retention.ms = null
	log.roll.jitter.hours = 0
	log.cleaner.enable = true
	offsets.load.buffer.size = 5242880
	log.cleaner.delete.retention.ms = 86400000
	ssl.client.auth = none
	controlled.shutdown.max.retries = 3
	queued.max.requests = 500
	offsets.topic.replication.factor = 3
	log.cleaner.threads = 1
	sasl.kerberos.service.name = null
	sasl.kerberos.ticket.renew.jitter = 0.05
	socket.request.max.bytes = 104857600
	ssl.trustmanager.algorithm = PKIX
	zookeeper.session.timeout.ms = 6000
	log.retention.bytes = -1
	sasl.kerberos.min.time.before.relogin = 60000
	zookeeper.set.acl = false
	connections.max.idle.ms = 600000
	offsets.retention.minutes = 1440
	replica.fetch.backoff.ms = 1000
	inter.broker.protocol.version = 0.9.0.X
	log.retention.hours = 168
	num.partitions = 1
	broker.id.generation.enable = true
	listeners = PLAINTEXT://:9092
	ssl.provider = null
	ssl.enabled.protocols = [TLSv1.2, TLSv1.1, TLSv1]
	log.roll.ms = null
	log.flush.scheduler.interval.ms = 9223372036854775807
	ssl.cipher.suites = null
	log.index.size.max.bytes = 10485760
	ssl.keymanager.algorithm = SunX509
	security.inter.broker.protocol = PLAINTEXT
	replica.fetch.max.bytes = 1048576
	advertised.port = null
	log.cleaner.dedupe.buffer.size = 134217728
	replica.high.watermark.checkpoint.interval.ms = 5000
	log.cleaner.io.buffer.size = 524288
	sasl.kerberos.ticket.renew.window.factor = 0.8
	zookeeper.connection.timeout.ms = 6000
	controlled.shutdown.retry.backoff.ms = 5000
	log.roll.hours = 168
	log.cleanup.policy = delete
	host.name = 
	log.roll.jitter.ms = null
	max.connections.per.ip = 2147483647
	offsets.topic.segment.bytes = 104857600
	background.threads = 10
	quota.consumer.default = 9223372036854775807
	request.timeout.ms = 30000
	log.index.interval.bytes = 4096
	log.dir = /tmp/kafka-logs
	log.segment.bytes = 107317
	log.cleaner.backoff.ms = 15000
	offset.metadata.max.bytes = 4096
	ssl.truststore.location = null
	group.max.session.timeout.ms = 30000
	ssl.keystore.password = null
	zookeeper.sync.time.ms = 2000
	port = 9092
	log.retention.minutes = null
	log.segment.delete.delay.ms = 60000
	log.dirs = /tmp/kafka-logs
	controlled.shutdown.enable = true
	compression.type = producer
	max.connections.per.ip.overrides = 
	sasl.kerberos.kinit.cmd = /usr/bin/kinit
	log.cleaner.io.max.bytes.per.second = 1.7976931348623157E308
	auto.leader.rebalance.enable = true
	leader.imbalance.check.interval.seconds = 300
	log.cleaner.min.cleanable.ratio = 0.5
	replica.lag.time.max.ms = 10000
	num.network.threads = 3
	ssl.key.password = null
	reserved.broker.max.id = 1000
	metrics.num.samples = 2
	socket.send.buffer.bytes = 102400
	ssl.protocol = TLS
	socket.receive.buffer.bytes = 102400
	ssl.keystore.location = null
	replica.fetch.min.bytes = 1
	unclean.leader.election.enable = true
	group.min.session.timeout.ms = 6000
	log.cleaner.io.buffer.load.factor = 0.9
	offsets.retention.check.interval.ms = 600000
	producer.purgatory.purge.interval.requests = 1000
	metrics.sample.window.ms = 30000
	broker.id = 0
	offsets.topic.compression.codec = 0
	log.retention.check.interval.ms = 300000
	advertised.listeners = null
	leader.imbalance.per.broker.percentage = 10
 (kafka.server.KafkaConfig)
[2016-07-07 15:33:20,698] INFO starting (kafka.server.KafkaServer)
[2016-07-07 15:33:20,751] INFO Connecting to zookeeper on localhost:9876 (kafka.server.KafkaServer)
[2016-07-07 15:33:22,407] INFO Loading logs. (kafka.log.LogManager)
[2016-07-07 15:33:22,544] INFO Completed load of log test-0 with log end offset 14 (kafka.log.Log)
[2016-07-07 15:33:22,564] INFO Completed load of log ttttttttttttt-0 with log end offset 0 (kafka.log.Log)
[2016-07-07 15:33:22,592] INFO Completed load of log qqqqqqqqqqqqqq-0 with log end offset 0 (kafka.log.Log)
[2016-07-07 15:33:22,602] INFO Logs loading complete. (kafka.log.LogManager)
[2016-07-07 15:33:23,509] INFO Starting log cleanup with a period of 300000 ms. (kafka.log.LogManager)
[2016-07-07 15:33:23,513] INFO Starting log flusher with a default period of 9223372036854775807 ms. (kafka.log.LogManager)
[2016-07-07 15:33:23,778] INFO Awaiting socket connections on 0.0.0.0:9092. (kafka.network.Acceptor)
[2016-07-07 15:33:23,786] INFO [Socket Server on Broker 0], Started 1 acceptor threads (kafka.network.SocketServer)
[2016-07-07 15:33:23,862] INFO [ExpirationReaper-0], Starting  (kafka.server.DelayedOperationPurgatory$ExpiredOperationReaper)
[2016-07-07 15:33:23,863] INFO [ExpirationReaper-0], Starting  (kafka.server.DelayedOperationPurgatory$ExpiredOperationReaper)
[2016-07-07 15:33:24,040] INFO Creating /controller (is it secure? false) (kafka.utils.ZKCheckedEphemeral)
[2016-07-07 15:33:24,074] INFO Result of znode creation is: OK (kafka.utils.ZKCheckedEphemeral)
[2016-07-07 15:33:24,101] INFO 0 successfully elected as leader (kafka.server.ZookeeperLeaderElector)
[2016-07-07 15:33:24,561] INFO New leader is 0 (kafka.server.ZookeeperLeaderElector$LeaderChangeListener)
[2016-07-07 15:33:24,644] INFO [GroupCoordinator 0]: Starting up. (kafka.coordinator.GroupCoordinator)
[2016-07-07 15:33:24,680] INFO [ExpirationReaper-0], Starting  (kafka.server.DelayedOperationPurgatory$ExpiredOperationReaper)
[2016-07-07 15:33:24,691] INFO [ExpirationReaper-0], Starting  (kafka.server.DelayedOperationPurgatory$ExpiredOperationReaper)
[2016-07-07 15:33:24,692] INFO [GroupCoordinator 0]: Startup complete. (kafka.coordinator.GroupCoordinator)
[2016-07-07 15:33:24,719] INFO [Group Metadata Manager on Broker 0]: Removed 0 expired offsets in 68 milliseconds. (kafka.coordinator.GroupMetadataManager)
[2016-07-07 15:33:24,833] INFO [ThrottledRequestReaper-Produce], Starting  (kafka.server.ClientQuotaManager$ThrottledRequestReaper)
[2016-07-07 15:33:24,838] INFO [ThrottledRequestReaper-Fetch], Starting  (kafka.server.ClientQuotaManager$ThrottledRequestReaper)
[2016-07-07 15:33:24,880] INFO Will not load MX4J, mx4j-tools.jar is not in the classpath (kafka.utils.Mx4jLoader$)
[2016-07-07 15:33:24,954] INFO Creating /brokers/ids/0 (is it secure? false) (kafka.utils.ZKCheckedEphemeral)
[2016-07-07 15:33:25,002] INFO Result of znode creation is: OK (kafka.utils.ZKCheckedEphemeral)
[2016-07-07 15:33:25,015] INFO Registered broker 0 at path /brokers/ids/0 with addresses: PLAINTEXT -> EndPoint(jeakeven,9092,PLAINTEXT) (kafka.utils.ZkUtils)
[2016-07-07 15:33:25,068] INFO [Kafka Server 0], started (kafka.server.KafkaServer)
[2016-07-07 15:33:25,991] INFO [ReplicaFetcherManager on broker 0] Removed fetcher for partitions [ttttttttttttt,0],[qqqqqqqqqqqqqq,0],[test,0] (kafka.server.ReplicaFetcherManager)
[2016-07-07 15:33:26,120] INFO [ReplicaFetcherManager on broker 0] Removed fetcher for partitions [ttttttttttttt,0],[qqqqqqqqqqqqqq,0],[test,0] (kafka.server.ReplicaFetcherManager)
[2016-07-07 15:33:39,859] INFO [Kafka Server 0], shutting down (kafka.server.KafkaServer)
[2016-07-07 15:33:39,893] INFO [Kafka Server 0], Starting controlled shutdown (kafka.server.KafkaServer)
[2016-07-07 15:33:40,018] INFO [Kafka Server 0], Controlled shutdown succeeded (kafka.server.KafkaServer)
[2016-07-07 15:33:40,093] INFO [Socket Server on Broker 0], Shutting down (kafka.network.SocketServer)
[2016-07-07 15:33:40,128] INFO [Socket Server on Broker 0], Shutdown completed (kafka.network.SocketServer)
[2016-07-07 15:33:40,147] INFO [Kafka Request Handler on Broker 0], shutting down (kafka.server.KafkaRequestHandlerPool)
[2016-07-07 15:33:40,169] INFO [Kafka Request Handler on Broker 0], shut down completely (kafka.server.KafkaRequestHandlerPool)
[2016-07-07 15:33:40,198] INFO [ThrottledRequestReaper-Produce], Shutting down (kafka.server.ClientQuotaManager$ThrottledRequestReaper)
[2016-07-07 15:33:40,842] INFO [ThrottledRequestReaper-Produce], Stopped  (kafka.server.ClientQuotaManager$ThrottledRequestReaper)
[2016-07-07 15:33:40,843] INFO [ThrottledRequestReaper-Produce], Shutdown completed (kafka.server.ClientQuotaManager$ThrottledRequestReaper)
[2016-07-07 15:33:40,848] INFO [ThrottledRequestReaper-Fetch], Shutting down (kafka.server.ClientQuotaManager$ThrottledRequestReaper)
[2016-07-07 15:33:40,885] INFO [ThrottledRequestReaper-Fetch], Stopped  (kafka.server.ClientQuotaManager$ThrottledRequestReaper)
[2016-07-07 15:33:40,885] INFO [ThrottledRequestReaper-Fetch], Shutdown completed (kafka.server.ClientQuotaManager$ThrottledRequestReaper)
[2016-07-07 15:33:40,887] INFO [KafkaApi-0] Shutdown complete. (kafka.server.KafkaApis)
[2016-07-07 15:33:40,891] INFO [Replica Manager on Broker 0]: Shutting down (kafka.server.ReplicaManager)
[2016-07-07 15:33:40,894] INFO [ReplicaFetcherManager on broker 0] shutting down (kafka.server.ReplicaFetcherManager)
[2016-07-07 15:33:40,905] INFO [ReplicaFetcherManager on broker 0] shutdown completed (kafka.server.ReplicaFetcherManager)
[2016-07-07 15:33:40,906] INFO [ExpirationReaper-0], Shutting down (kafka.server.DelayedOperationPurgatory$ExpiredOperationReaper)
[2016-07-07 15:33:40,920] INFO [ExpirationReaper-0], Stopped  (kafka.server.DelayedOperationPurgatory$ExpiredOperationReaper)
[2016-07-07 15:33:40,920] INFO [ExpirationReaper-0], Shutdown completed (kafka.server.DelayedOperationPurgatory$ExpiredOperationReaper)
[2016-07-07 15:33:40,921] INFO [ExpirationReaper-0], Shutting down (kafka.server.DelayedOperationPurgatory$ExpiredOperationReaper)
[2016-07-07 15:33:41,120] INFO [ExpirationReaper-0], Stopped  (kafka.server.DelayedOperationPurgatory$ExpiredOperationReaper)
[2016-07-07 15:33:41,121] INFO [ExpirationReaper-0], Shutdown completed (kafka.server.DelayedOperationPurgatory$ExpiredOperationReaper)
[2016-07-07 15:33:41,128] INFO [Replica Manager on Broker 0]: Shut down completely (kafka.server.ReplicaManager)
[2016-07-07 15:33:41,132] INFO Shutting down. (kafka.log.LogManager)
[2016-07-07 15:33:41,220] INFO Shutdown complete. (kafka.log.LogManager)
[2016-07-07 15:33:41,223] INFO [GroupCoordinator 0]: Shutting down. (kafka.coordinator.GroupCoordinator)
[2016-07-07 15:33:41,224] INFO [ExpirationReaper-0], Shutting down (kafka.server.DelayedOperationPurgatory$ExpiredOperationReaper)
[2016-07-07 15:33:41,321] INFO [ExpirationReaper-0], Stopped  (kafka.server.DelayedOperationPurgatory$ExpiredOperationReaper)
[2016-07-07 15:33:41,321] INFO [ExpirationReaper-0], Shutdown completed (kafka.server.DelayedOperationPurgatory$ExpiredOperationReaper)
[2016-07-07 15:33:41,322] INFO [ExpirationReaper-0], Shutting down (kafka.server.DelayedOperationPurgatory$ExpiredOperationReaper)
[2016-07-07 15:33:41,334] INFO [ExpirationReaper-0], Stopped  (kafka.server.DelayedOperationPurgatory$ExpiredOperationReaper)
[2016-07-07 15:33:41,335] INFO [ExpirationReaper-0], Shutdown completed (kafka.server.DelayedOperationPurgatory$ExpiredOperationReaper)
[2016-07-07 15:33:41,336] INFO [GroupCoordinator 0]: Shutdown complete. (kafka.coordinator.GroupCoordinator)
[2016-07-07 15:33:41,416] INFO [Kafka Server 0], shut down completed (kafka.server.KafkaServer)
[2016-07-07 15:34:05,089] INFO KafkaConfig values: 
	advertised.host.name = null
	metric.reporters = []
	quota.producer.default = 9223372036854775807
	offsets.topic.num.partitions = 50
	log.flush.interval.messages = 9223372036854775807
	auto.create.topics.enable = true
	controller.socket.timeout.ms = 30000
	log.flush.interval.ms = null
	principal.builder.class = class org.apache.kafka.common.security.auth.DefaultPrincipalBuilder
	replica.socket.receive.buffer.bytes = 65536
	min.insync.replicas = 1
	replica.fetch.wait.max.ms = 500
	num.recovery.threads.per.data.dir = 1
	ssl.keystore.type = JKS
	default.replication.factor = 1
	ssl.truststore.password = null
	log.preallocate = false
	sasl.kerberos.principal.to.local.rules = [DEFAULT]
	fetch.purgatory.purge.interval.requests = 1000
	ssl.endpoint.identification.algorithm = null
	replica.socket.timeout.ms = 30000
	message.max.bytes = 1000012
	num.io.threads = 8
	offsets.commit.required.acks = -1
	log.flush.offset.checkpoint.interval.ms = 60000
	delete.topic.enable = false
	quota.window.size.seconds = 1
	ssl.truststore.type = JKS
	offsets.commit.timeout.ms = 5000
	quota.window.num = 11
	zookeeper.connect = localhost:9876
	authorizer.class.name = 
	num.replica.fetchers = 1
	log.retention.ms = null
	log.roll.jitter.hours = 0
	log.cleaner.enable = true
	offsets.load.buffer.size = 5242880
	log.cleaner.delete.retention.ms = 86400000
	ssl.client.auth = none
	controlled.shutdown.max.retries = 3
	queued.max.requests = 500
	offsets.topic.replication.factor = 3
	log.cleaner.threads = 1
	sasl.kerberos.service.name = null
	sasl.kerberos.ticket.renew.jitter = 0.05
	socket.request.max.bytes = 104857600
	ssl.trustmanager.algorithm = PKIX
	zookeeper.session.timeout.ms = 6000
	log.retention.bytes = -1
	sasl.kerberos.min.time.before.relogin = 60000
	zookeeper.set.acl = false
	connections.max.idle.ms = 600000
	offsets.retention.minutes = 1440
	replica.fetch.backoff.ms = 1000
	inter.broker.protocol.version = 0.9.0.X
	log.retention.hours = 168
	num.partitions = 1
	broker.id.generation.enable = true
	listeners = PLAINTEXT://:9092
	ssl.provider = null
	ssl.enabled.protocols = [TLSv1.2, TLSv1.1, TLSv1]
	log.roll.ms = null
	log.flush.scheduler.interval.ms = 9223372036854775807
	ssl.cipher.suites = null
	log.index.size.max.bytes = 10485760
	ssl.keymanager.algorithm = SunX509
	security.inter.broker.protocol = PLAINTEXT
	replica.fetch.max.bytes = 1048576
	advertised.port = null
	log.cleaner.dedupe.buffer.size = 134217728
	replica.high.watermark.checkpoint.interval.ms = 5000
	log.cleaner.io.buffer.size = 524288
	sasl.kerberos.ticket.renew.window.factor = 0.8
	zookeeper.connection.timeout.ms = 6000
	controlled.shutdown.retry.backoff.ms = 5000
	log.roll.hours = 168
	log.cleanup.policy = delete
	host.name = 
	log.roll.jitter.ms = null
	max.connections.per.ip = 2147483647
	offsets.topic.segment.bytes = 104857600
	background.threads = 10
	quota.consumer.default = 9223372036854775807
	request.timeout.ms = 30000
	log.index.interval.bytes = 4096
	log.dir = /tmp/kafka-logs
	log.segment.bytes = 1073741824
	log.cleaner.backoff.ms = 15000
	offset.metadata.max.bytes = 4096
	ssl.truststore.location = null
	group.max.session.timeout.ms = 30000
	ssl.keystore.password = null
	zookeeper.sync.time.ms = 2000
	port = 9092
	log.retention.minutes = null
	log.segment.delete.delay.ms = 60000
	log.dirs = /tmp/kafka-logs
	controlled.shutdown.enable = true
	compression.type = producer
	max.connections.per.ip.overrides = 
	sasl.kerberos.kinit.cmd = /usr/bin/kinit
	log.cleaner.io.max.bytes.per.second = 1.7976931348623157E308
	auto.leader.rebalance.enable = true
	leader.imbalance.check.interval.seconds = 300
	log.cleaner.min.cleanable.ratio = 0.5
	replica.lag.time.max.ms = 10000
	num.network.threads = 3
	ssl.key.password = null
	reserved.broker.max.id = 1000
	metrics.num.samples = 2
	socket.send.buffer.bytes = 102400
	ssl.protocol = TLS
	socket.receive.buffer.bytes = 102400
	ssl.keystore.location = null
	replica.fetch.min.bytes = 1
	unclean.leader.election.enable = true
	group.min.session.timeout.ms = 6000
	log.cleaner.io.buffer.load.factor = 0.9
	offsets.retention.check.interval.ms = 600000
	producer.purgatory.purge.interval.requests = 1000
	metrics.sample.window.ms = 30000
	broker.id = 0
	offsets.topic.compression.codec = 0
	log.retention.check.interval.ms = 300000
	advertised.listeners = null
	leader.imbalance.per.broker.percentage = 10
 (kafka.server.KafkaConfig)
[2016-07-07 15:34:05,322] INFO starting (kafka.server.KafkaServer)
[2016-07-07 15:34:05,361] INFO Connecting to zookeeper on localhost:9876 (kafka.server.KafkaServer)
[2016-07-07 15:34:06,474] INFO Loading logs. (kafka.log.LogManager)
[2016-07-07 15:34:06,610] INFO Completed load of log test-0 with log end offset 14 (kafka.log.Log)
[2016-07-07 15:34:06,643] INFO Completed load of log ttttttttttttt-0 with log end offset 0 (kafka.log.Log)
[2016-07-07 15:34:06,685] INFO Completed load of log qqqqqqqqqqqqqq-0 with log end offset 0 (kafka.log.Log)
[2016-07-07 15:34:06,702] INFO Logs loading complete. (kafka.log.LogManager)
[2016-07-07 15:34:07,261] INFO Starting log cleanup with a period of 300000 ms. (kafka.log.LogManager)
[2016-07-07 15:34:07,262] INFO Starting log flusher with a default period of 9223372036854775807 ms. (kafka.log.LogManager)
[2016-07-07 15:34:07,417] INFO Awaiting socket connections on 0.0.0.0:9092. (kafka.network.Acceptor)
[2016-07-07 15:34:07,421] INFO [Socket Server on Broker 0], Started 1 acceptor threads (kafka.network.SocketServer)
[2016-07-07 15:34:07,531] INFO [ExpirationReaper-0], Starting  (kafka.server.DelayedOperationPurgatory$ExpiredOperationReaper)
[2016-07-07 15:34:07,540] INFO [ExpirationReaper-0], Starting  (kafka.server.DelayedOperationPurgatory$ExpiredOperationReaper)
[2016-07-07 15:34:07,689] INFO Creating /controller (is it secure? false) (kafka.utils.ZKCheckedEphemeral)
[2016-07-07 15:34:07,707] INFO Result of znode creation is: OK (kafka.utils.ZKCheckedEphemeral)
[2016-07-07 15:34:07,707] INFO 0 successfully elected as leader (kafka.server.ZookeeperLeaderElector)
[2016-07-07 15:34:08,172] INFO New leader is 0 (kafka.server.ZookeeperLeaderElector$LeaderChangeListener)
[2016-07-07 15:34:08,245] INFO [GroupCoordinator 0]: Starting up. (kafka.coordinator.GroupCoordinator)
[2016-07-07 15:34:08,296] INFO [ExpirationReaper-0], Starting  (kafka.server.DelayedOperationPurgatory$ExpiredOperationReaper)
[2016-07-07 15:34:08,299] INFO [GroupCoordinator 0]: Startup complete. (kafka.coordinator.GroupCoordinator)
[2016-07-07 15:34:08,328] INFO [ExpirationReaper-0], Starting  (kafka.server.DelayedOperationPurgatory$ExpiredOperationReaper)
[2016-07-07 15:34:08,373] INFO [Group Metadata Manager on Broker 0]: Removed 0 expired offsets in 127 milliseconds. (kafka.coordinator.GroupMetadataManager)
[2016-07-07 15:34:08,458] INFO [ThrottledRequestReaper-Produce], Starting  (kafka.server.ClientQuotaManager$ThrottledRequestReaper)
[2016-07-07 15:34:08,484] INFO Will not load MX4J, mx4j-tools.jar is not in the classpath (kafka.utils.Mx4jLoader$)
[2016-07-07 15:34:08,463] INFO [ThrottledRequestReaper-Fetch], Starting  (kafka.server.ClientQuotaManager$ThrottledRequestReaper)
[2016-07-07 15:34:08,557] INFO Creating /brokers/ids/0 (is it secure? false) (kafka.utils.ZKCheckedEphemeral)
[2016-07-07 15:34:08,594] INFO Result of znode creation is: OK (kafka.utils.ZKCheckedEphemeral)
[2016-07-07 15:34:08,625] INFO Registered broker 0 at path /brokers/ids/0 with addresses: PLAINTEXT -> EndPoint(jeakeven,9092,PLAINTEXT) (kafka.utils.ZkUtils)
[2016-07-07 15:34:08,694] INFO [Kafka Server 0], started (kafka.server.KafkaServer)
[2016-07-07 15:34:09,390] INFO [ReplicaFetcherManager on broker 0] Removed fetcher for partitions [ttttttttttttt,0],[qqqqqqqqqqqqqq,0],[test,0] (kafka.server.ReplicaFetcherManager)
[2016-07-07 15:34:09,489] INFO [ReplicaFetcherManager on broker 0] Removed fetcher for partitions [ttttttttttttt,0],[qqqqqqqqqqqqqq,0],[test,0] (kafka.server.ReplicaFetcherManager)
[2016-07-07 15:34:37,372] INFO Rolled new log segment for 'test-0' in 38 ms. (kafka.log.Log)
[2016-07-07 15:34:37,381] INFO Scheduling log segment 0 for log test-0 for deletion. (kafka.log.Log)
[2016-07-07 15:35:30,778] INFO [ReplicaFetcherManager on broker 0] Removed fetcher for partitions [test123,0] (kafka.server.ReplicaFetcherManager)
[2016-07-07 15:35:30,797] INFO Completed load of log test123-0 with log end offset 0 (kafka.log.Log)
[2016-07-07 15:35:30,804] INFO Created log for partition [test123,0] in /tmp/kafka-logs with properties {compression.type -> producer, file.delete.delay.ms -> 60000, max.message.bytes -> 1000012, min.insync.replicas -> 1, segment.jitter.ms -> 0, preallocate -> false, min.cleanable.dirty.ratio -> 0.5, index.interval.bytes -> 4096, unclean.leader.election.enable -> true, retention.bytes -> -1, delete.retention.ms -> 86400000, cleanup.policy -> delete, flush.ms -> 9223372036854775807, segment.ms -> 604800000, segment.bytes -> 1073741824, retention.ms -> 604800000, segment.index.bytes -> 10485760, flush.messages -> 9223372036854775807}. (kafka.log.LogManager)
[2016-07-07 15:35:30,806] INFO Partition [test123,0] on broker 0: No checkpointed highwatermark is found for partition [test123,0] (kafka.cluster.Partition)
[2016-07-07 15:35:37,417] INFO Deleting segment 0 from log test-0. (kafka.log.Log)
[2016-07-07 15:35:37,428] INFO Deleting index /tmp/kafka-logs/test-0/00000000000000000000.index.deleted (kafka.log.OffsetIndex)
[2016-07-07 15:40:21,307] INFO [Kafka Server 0], shutting down (kafka.server.KafkaServer)
[2016-07-07 15:40:21,340] INFO [Kafka Server 0], Starting controlled shutdown (kafka.server.KafkaServer)
[2016-07-07 15:40:21,743] INFO [Kafka Server 0], Controlled shutdown succeeded (kafka.server.KafkaServer)
[2016-07-07 15:40:21,763] INFO [Socket Server on Broker 0], Shutting down (kafka.network.SocketServer)
[2016-07-07 15:40:21,807] INFO [Socket Server on Broker 0], Shutdown completed (kafka.network.SocketServer)
[2016-07-07 15:40:21,819] INFO [Kafka Request Handler on Broker 0], shutting down (kafka.server.KafkaRequestHandlerPool)
[2016-07-07 15:40:21,855] INFO [Kafka Request Handler on Broker 0], shut down completely (kafka.server.KafkaRequestHandlerPool)
[2016-07-07 15:40:21,880] INFO [ThrottledRequestReaper-Produce], Shutting down (kafka.server.ClientQuotaManager$ThrottledRequestReaper)
[2016-07-07 15:40:22,704] INFO [ThrottledRequestReaper-Produce], Stopped  (kafka.server.ClientQuotaManager$ThrottledRequestReaper)
[2016-07-07 15:40:22,705] INFO [ThrottledRequestReaper-Produce], Shutdown completed (kafka.server.ClientQuotaManager$ThrottledRequestReaper)
[2016-07-07 15:40:22,706] INFO [ThrottledRequestReaper-Fetch], Shutting down (kafka.server.ClientQuotaManager$ThrottledRequestReaper)
[2016-07-07 15:40:23,703] INFO [ThrottledRequestReaper-Fetch], Stopped  (kafka.server.ClientQuotaManager$ThrottledRequestReaper)
[2016-07-07 15:40:23,703] INFO [ThrottledRequestReaper-Fetch], Shutdown completed (kafka.server.ClientQuotaManager$ThrottledRequestReaper)
[2016-07-07 15:40:23,704] INFO [KafkaApi-0] Shutdown complete. (kafka.server.KafkaApis)
[2016-07-07 15:40:23,708] INFO [Replica Manager on Broker 0]: Shutting down (kafka.server.ReplicaManager)
[2016-07-07 15:40:23,709] INFO [ReplicaFetcherManager on broker 0] shutting down (kafka.server.ReplicaFetcherManager)
[2016-07-07 15:40:23,711] INFO [ReplicaFetcherManager on broker 0] shutdown completed (kafka.server.ReplicaFetcherManager)
[2016-07-07 15:40:23,711] INFO [ExpirationReaper-0], Shutting down (kafka.server.DelayedOperationPurgatory$ExpiredOperationReaper)
[2016-07-07 15:40:23,850] INFO [ExpirationReaper-0], Stopped  (kafka.server.DelayedOperationPurgatory$ExpiredOperationReaper)
[2016-07-07 15:40:23,850] INFO [ExpirationReaper-0], Shutdown completed (kafka.server.DelayedOperationPurgatory$ExpiredOperationReaper)
[2016-07-07 15:40:23,851] INFO [ExpirationReaper-0], Shutting down (kafka.server.DelayedOperationPurgatory$ExpiredOperationReaper)
[2016-07-07 15:40:24,020] INFO [ExpirationReaper-0], Stopped  (kafka.server.DelayedOperationPurgatory$ExpiredOperationReaper)
[2016-07-07 15:40:24,020] INFO [ExpirationReaper-0], Shutdown completed (kafka.server.DelayedOperationPurgatory$ExpiredOperationReaper)
[2016-07-07 15:40:24,024] INFO [Replica Manager on Broker 0]: Shut down completely (kafka.server.ReplicaManager)
[2016-07-07 15:40:24,027] INFO Shutting down. (kafka.log.LogManager)
[2016-07-07 15:40:24,116] INFO Shutdown complete. (kafka.log.LogManager)
[2016-07-07 15:40:24,118] INFO [GroupCoordinator 0]: Shutting down. (kafka.coordinator.GroupCoordinator)
[2016-07-07 15:40:24,120] INFO [ExpirationReaper-0], Shutting down (kafka.server.DelayedOperationPurgatory$ExpiredOperationReaper)
[2016-07-07 15:40:24,220] INFO [ExpirationReaper-0], Stopped  (kafka.server.DelayedOperationPurgatory$ExpiredOperationReaper)
[2016-07-07 15:40:24,220] INFO [ExpirationReaper-0], Shutdown completed (kafka.server.DelayedOperationPurgatory$ExpiredOperationReaper)
[2016-07-07 15:40:24,221] INFO [ExpirationReaper-0], Shutting down (kafka.server.DelayedOperationPurgatory$ExpiredOperationReaper)
[2016-07-07 15:40:24,421] INFO [ExpirationReaper-0], Stopped  (kafka.server.DelayedOperationPurgatory$ExpiredOperationReaper)
[2016-07-07 15:40:24,421] INFO [ExpirationReaper-0], Shutdown completed (kafka.server.DelayedOperationPurgatory$ExpiredOperationReaper)
[2016-07-07 15:40:24,424] INFO [GroupCoordinator 0]: Shutdown complete. (kafka.coordinator.GroupCoordinator)
[2016-07-07 15:40:24,489] INFO [Kafka Server 0], shut down completed (kafka.server.KafkaServer)
