[2016-07-07 15:06:40,537] DEBUG preRegister called. Server=com.sun.jmx.mbeanserver.JmxMBeanServer@66d3c617, name=log4j:logger=state.change.logger (state.change.logger)
[2016-07-07 15:06:56,619] DEBUG preRegister called. Server=com.sun.jmx.mbeanserver.JmxMBeanServer@66d3c617, name=log4j:logger=state.change.logger (state.change.logger)
[2016-07-07 15:15:56,541] DEBUG preRegister called. Server=com.sun.jmx.mbeanserver.JmxMBeanServer@66d3c617, name=log4j:logger=state.change.logger (state.change.logger)
[2016-07-07 15:24:23,873] DEBUG preRegister called. Server=com.sun.jmx.mbeanserver.JmxMBeanServer@66d3c617, name=log4j:logger=state.change.logger (state.change.logger)
[2016-07-07 15:27:29,859] DEBUG preRegister called. Server=com.sun.jmx.mbeanserver.JmxMBeanServer@66d3c617, name=log4j:logger=state.change.logger (state.change.logger)
[2016-07-07 15:33:24,383] TRACE Controller 0 epoch 4 started leader election for partition [ttttttttttttt,0] (state.change.logger)
[2016-07-07 15:33:24,429] ERROR Controller 0 epoch 4 initiated state change for partition [ttttttttttttt,0] from OfflinePartition to OnlinePartition failed (state.change.logger)
kafka.common.NoReplicaOnlineException: No replica for partition [ttttttttttttt,0] is alive. Live brokers are: [Set()], Assigned replicas are: [List(0)]
	at kafka.controller.OfflinePartitionLeaderSelector.selectLeader(PartitionLeaderSelector.scala:75)
	at kafka.controller.PartitionStateMachine.electLeaderForPartition(PartitionStateMachine.scala:345)
	at kafka.controller.PartitionStateMachine.kafka$controller$PartitionStateMachine$$handleStateChange(PartitionStateMachine.scala:205)
	at kafka.controller.PartitionStateMachine$$anonfun$triggerOnlinePartitionStateChange$3.apply(PartitionStateMachine.scala:120)
	at kafka.controller.PartitionStateMachine$$anonfun$triggerOnlinePartitionStateChange$3.apply(PartitionStateMachine.scala:117)
	at scala.collection.TraversableLike$WithFilter$$anonfun$foreach$1.apply(TraversableLike.scala:778)
	at scala.collection.mutable.HashMap$$anonfun$foreach$1.apply(HashMap.scala:99)
	at scala.collection.mutable.HashMap$$anonfun$foreach$1.apply(HashMap.scala:99)
	at scala.collection.mutable.HashTable$class.foreachEntry(HashTable.scala:230)
	at scala.collection.mutable.HashMap.foreachEntry(HashMap.scala:40)
	at scala.collection.mutable.HashMap.foreach(HashMap.scala:99)
	at scala.collection.TraversableLike$WithFilter.foreach(TraversableLike.scala:777)
	at kafka.controller.PartitionStateMachine.triggerOnlinePartitionStateChange(PartitionStateMachine.scala:117)
	at kafka.controller.PartitionStateMachine.startup(PartitionStateMachine.scala:70)
	at kafka.controller.KafkaController.onControllerFailover(KafkaController.scala:332)
	at kafka.controller.KafkaController$$anonfun$1.apply$mcV$sp(KafkaController.scala:163)
	at kafka.server.ZookeeperLeaderElector.elect(ZookeeperLeaderElector.scala:84)
	at kafka.server.ZookeeperLeaderElector$$anonfun$startup$1.apply$mcZ$sp(ZookeeperLeaderElector.scala:50)
	at kafka.server.ZookeeperLeaderElector$$anonfun$startup$1.apply(ZookeeperLeaderElector.scala:48)
	at kafka.server.ZookeeperLeaderElector$$anonfun$startup$1.apply(ZookeeperLeaderElector.scala:48)
	at kafka.utils.CoreUtils$.inLock(CoreUtils.scala:262)
	at kafka.server.ZookeeperLeaderElector.startup(ZookeeperLeaderElector.scala:48)
	at kafka.controller.KafkaController$$anonfun$startup$1.apply$mcV$sp(KafkaController.scala:681)
	at kafka.controller.KafkaController$$anonfun$startup$1.apply(KafkaController.scala:677)
	at kafka.controller.KafkaController$$anonfun$startup$1.apply(KafkaController.scala:677)
	at kafka.utils.CoreUtils$.inLock(CoreUtils.scala:262)
	at kafka.controller.KafkaController.startup(KafkaController.scala:677)
	at kafka.server.KafkaServer.startup(KafkaServer.scala:188)
	at kafka.server.KafkaServerStartable.startup(KafkaServerStartable.scala:37)
	at kafka.Kafka$.main(Kafka.scala:67)
	at kafka.Kafka.main(Kafka.scala)
[2016-07-07 15:33:24,448] TRACE Controller 0 epoch 4 started leader election for partition [qqqqqqqqqqqqqq,0] (state.change.logger)
[2016-07-07 15:33:24,458] ERROR Controller 0 epoch 4 initiated state change for partition [qqqqqqqqqqqqqq,0] from OfflinePartition to OnlinePartition failed (state.change.logger)
kafka.common.NoReplicaOnlineException: No replica for partition [qqqqqqqqqqqqqq,0] is alive. Live brokers are: [Set()], Assigned replicas are: [List(0)]
	at kafka.controller.OfflinePartitionLeaderSelector.selectLeader(PartitionLeaderSelector.scala:75)
	at kafka.controller.PartitionStateMachine.electLeaderForPartition(PartitionStateMachine.scala:345)
	at kafka.controller.PartitionStateMachine.kafka$controller$PartitionStateMachine$$handleStateChange(PartitionStateMachine.scala:205)
	at kafka.controller.PartitionStateMachine$$anonfun$triggerOnlinePartitionStateChange$3.apply(PartitionStateMachine.scala:120)
	at kafka.controller.PartitionStateMachine$$anonfun$triggerOnlinePartitionStateChange$3.apply(PartitionStateMachine.scala:117)
	at scala.collection.TraversableLike$WithFilter$$anonfun$foreach$1.apply(TraversableLike.scala:778)
	at scala.collection.mutable.HashMap$$anonfun$foreach$1.apply(HashMap.scala:99)
	at scala.collection.mutable.HashMap$$anonfun$foreach$1.apply(HashMap.scala:99)
	at scala.collection.mutable.HashTable$class.foreachEntry(HashTable.scala:230)
	at scala.collection.mutable.HashMap.foreachEntry(HashMap.scala:40)
	at scala.collection.mutable.HashMap.foreach(HashMap.scala:99)
	at scala.collection.TraversableLike$WithFilter.foreach(TraversableLike.scala:777)
	at kafka.controller.PartitionStateMachine.triggerOnlinePartitionStateChange(PartitionStateMachine.scala:117)
	at kafka.controller.PartitionStateMachine.startup(PartitionStateMachine.scala:70)
	at kafka.controller.KafkaController.onControllerFailover(KafkaController.scala:332)
	at kafka.controller.KafkaController$$anonfun$1.apply$mcV$sp(KafkaController.scala:163)
	at kafka.server.ZookeeperLeaderElector.elect(ZookeeperLeaderElector.scala:84)
	at kafka.server.ZookeeperLeaderElector$$anonfun$startup$1.apply$mcZ$sp(ZookeeperLeaderElector.scala:50)
	at kafka.server.ZookeeperLeaderElector$$anonfun$startup$1.apply(ZookeeperLeaderElector.scala:48)
	at kafka.server.ZookeeperLeaderElector$$anonfun$startup$1.apply(ZookeeperLeaderElector.scala:48)
	at kafka.utils.CoreUtils$.inLock(CoreUtils.scala:262)
	at kafka.server.ZookeeperLeaderElector.startup(ZookeeperLeaderElector.scala:48)
	at kafka.controller.KafkaController$$anonfun$startup$1.apply$mcV$sp(KafkaController.scala:681)
	at kafka.controller.KafkaController$$anonfun$startup$1.apply(KafkaController.scala:677)
	at kafka.controller.KafkaController$$anonfun$startup$1.apply(KafkaController.scala:677)
	at kafka.utils.CoreUtils$.inLock(CoreUtils.scala:262)
	at kafka.controller.KafkaController.startup(KafkaController.scala:677)
	at kafka.server.KafkaServer.startup(KafkaServer.scala:188)
	at kafka.server.KafkaServerStartable.startup(KafkaServerStartable.scala:37)
	at kafka.Kafka$.main(Kafka.scala:67)
	at kafka.Kafka.main(Kafka.scala)
[2016-07-07 15:33:24,459] TRACE Controller 0 epoch 4 started leader election for partition [test,0] (state.change.logger)
[2016-07-07 15:33:24,477] ERROR Controller 0 epoch 4 initiated state change for partition [test,0] from OfflinePartition to OnlinePartition failed (state.change.logger)
kafka.common.NoReplicaOnlineException: No replica for partition [test,0] is alive. Live brokers are: [Set()], Assigned replicas are: [List(0)]
	at kafka.controller.OfflinePartitionLeaderSelector.selectLeader(PartitionLeaderSelector.scala:75)
	at kafka.controller.PartitionStateMachine.electLeaderForPartition(PartitionStateMachine.scala:345)
	at kafka.controller.PartitionStateMachine.kafka$controller$PartitionStateMachine$$handleStateChange(PartitionStateMachine.scala:205)
	at kafka.controller.PartitionStateMachine$$anonfun$triggerOnlinePartitionStateChange$3.apply(PartitionStateMachine.scala:120)
	at kafka.controller.PartitionStateMachine$$anonfun$triggerOnlinePartitionStateChange$3.apply(PartitionStateMachine.scala:117)
	at scala.collection.TraversableLike$WithFilter$$anonfun$foreach$1.apply(TraversableLike.scala:778)
	at scala.collection.mutable.HashMap$$anonfun$foreach$1.apply(HashMap.scala:99)
	at scala.collection.mutable.HashMap$$anonfun$foreach$1.apply(HashMap.scala:99)
	at scala.collection.mutable.HashTable$class.foreachEntry(HashTable.scala:230)
	at scala.collection.mutable.HashMap.foreachEntry(HashMap.scala:40)
	at scala.collection.mutable.HashMap.foreach(HashMap.scala:99)
	at scala.collection.TraversableLike$WithFilter.foreach(TraversableLike.scala:777)
	at kafka.controller.PartitionStateMachine.triggerOnlinePartitionStateChange(PartitionStateMachine.scala:117)
	at kafka.controller.PartitionStateMachine.startup(PartitionStateMachine.scala:70)
	at kafka.controller.KafkaController.onControllerFailover(KafkaController.scala:332)
	at kafka.controller.KafkaController$$anonfun$1.apply$mcV$sp(KafkaController.scala:163)
	at kafka.server.ZookeeperLeaderElector.elect(ZookeeperLeaderElector.scala:84)
	at kafka.server.ZookeeperLeaderElector$$anonfun$startup$1.apply$mcZ$sp(ZookeeperLeaderElector.scala:50)
	at kafka.server.ZookeeperLeaderElector$$anonfun$startup$1.apply(ZookeeperLeaderElector.scala:48)
	at kafka.server.ZookeeperLeaderElector$$anonfun$startup$1.apply(ZookeeperLeaderElector.scala:48)
	at kafka.utils.CoreUtils$.inLock(CoreUtils.scala:262)
	at kafka.server.ZookeeperLeaderElector.startup(ZookeeperLeaderElector.scala:48)
	at kafka.controller.KafkaController$$anonfun$startup$1.apply$mcV$sp(KafkaController.scala:681)
	at kafka.controller.KafkaController$$anonfun$startup$1.apply(KafkaController.scala:677)
	at kafka.controller.KafkaController$$anonfun$startup$1.apply(KafkaController.scala:677)
	at kafka.utils.CoreUtils$.inLock(CoreUtils.scala:262)
	at kafka.controller.KafkaController.startup(KafkaController.scala:677)
	at kafka.server.KafkaServer.startup(KafkaServer.scala:188)
	at kafka.server.KafkaServerStartable.startup(KafkaServerStartable.scala:37)
	at kafka.Kafka$.main(Kafka.scala:67)
	at kafka.Kafka.main(Kafka.scala)
[2016-07-07 15:33:25,279] TRACE Controller 0 epoch 4 sending UpdateMetadata request (Leader:0,ISR:0,LeaderEpoch:0,ControllerEpoch:3) to broker 0 for partition qqqqqqqqqqqqqq-0 (state.change.logger)
[2016-07-07 15:33:25,279] TRACE Controller 0 epoch 4 sending UpdateMetadata request (Leader:0,ISR:0,LeaderEpoch:2,ControllerEpoch:3) to broker 0 for partition test-0 (state.change.logger)
[2016-07-07 15:33:25,280] TRACE Controller 0 epoch 4 sending UpdateMetadata request (Leader:0,ISR:0,LeaderEpoch:1,ControllerEpoch:3) to broker 0 for partition ttttttttttttt-0 (state.change.logger)
[2016-07-07 15:33:25,385] TRACE Controller 0 epoch 4 changed state of replica 0 for partition [ttttttttttttt,0] from ReplicaDeletionIneligible to OnlineReplica (state.change.logger)
[2016-07-07 15:33:25,386] TRACE Controller 0 epoch 4 changed state of replica 0 for partition [qqqqqqqqqqqqqq,0] from ReplicaDeletionIneligible to OnlineReplica (state.change.logger)
[2016-07-07 15:33:25,386] TRACE Controller 0 epoch 4 changed state of replica 0 for partition [test,0] from ReplicaDeletionIneligible to OnlineReplica (state.change.logger)
[2016-07-07 15:33:25,387] TRACE Controller 0 epoch 4 sending become-leader LeaderAndIsr request (Leader:0,ISR:0,LeaderEpoch:0,ControllerEpoch:3) to broker 0 for partition [qqqqqqqqqqqqqq,0] (state.change.logger)
[2016-07-07 15:33:25,387] TRACE Controller 0 epoch 4 sending become-leader LeaderAndIsr request (Leader:0,ISR:0,LeaderEpoch:2,ControllerEpoch:3) to broker 0 for partition [test,0] (state.change.logger)
[2016-07-07 15:33:25,387] TRACE Controller 0 epoch 4 sending become-leader LeaderAndIsr request (Leader:0,ISR:0,LeaderEpoch:1,ControllerEpoch:3) to broker 0 for partition [ttttttttttttt,0] (state.change.logger)
[2016-07-07 15:33:25,418] TRACE Controller 0 epoch 4 sending UpdateMetadata request (Leader:0,ISR:0,LeaderEpoch:0,ControllerEpoch:3) to broker 0 for partition qqqqqqqqqqqqqq-0 (state.change.logger)
[2016-07-07 15:33:25,419] TRACE Controller 0 epoch 4 sending UpdateMetadata request (Leader:0,ISR:0,LeaderEpoch:2,ControllerEpoch:3) to broker 0 for partition test-0 (state.change.logger)
[2016-07-07 15:33:25,419] TRACE Controller 0 epoch 4 sending UpdateMetadata request (Leader:0,ISR:0,LeaderEpoch:1,ControllerEpoch:3) to broker 0 for partition ttttttttttttt-0 (state.change.logger)
[2016-07-07 15:33:25,420] TRACE Controller 0 epoch 4 started leader election for partition [ttttttttttttt,0] (state.change.logger)
[2016-07-07 15:33:25,493] TRACE Controller 0 epoch 4 elected leader 0 for Offline partition [ttttttttttttt,0] (state.change.logger)
[2016-07-07 15:33:25,524] TRACE Controller 0 epoch 4 changed partition [ttttttttttttt,0] from OfflinePartition to OnlinePartition with leader 0 (state.change.logger)
[2016-07-07 15:33:25,525] TRACE Controller 0 epoch 4 started leader election for partition [qqqqqqqqqqqqqq,0] (state.change.logger)
[2016-07-07 15:33:25,545] TRACE Controller 0 epoch 4 elected leader 0 for Offline partition [qqqqqqqqqqqqqq,0] (state.change.logger)
[2016-07-07 15:33:25,557] TRACE Controller 0 epoch 4 changed partition [qqqqqqqqqqqqqq,0] from OfflinePartition to OnlinePartition with leader 0 (state.change.logger)
[2016-07-07 15:33:25,569] TRACE Controller 0 epoch 4 started leader election for partition [test,0] (state.change.logger)
[2016-07-07 15:33:25,582] TRACE Controller 0 epoch 4 elected leader 0 for Offline partition [test,0] (state.change.logger)
[2016-07-07 15:33:25,583] TRACE Controller 0 epoch 4 changed partition [test,0] from OfflinePartition to OnlinePartition with leader 0 (state.change.logger)
[2016-07-07 15:33:25,583] TRACE Controller 0 epoch 4 sending become-leader LeaderAndIsr request (Leader:0,ISR:0,LeaderEpoch:1,ControllerEpoch:4) to broker 0 for partition [qqqqqqqqqqqqqq,0] (state.change.logger)
[2016-07-07 15:33:25,583] TRACE Controller 0 epoch 4 sending become-leader LeaderAndIsr request (Leader:0,ISR:0,LeaderEpoch:3,ControllerEpoch:4) to broker 0 for partition [test,0] (state.change.logger)
[2016-07-07 15:33:25,583] TRACE Controller 0 epoch 4 sending become-leader LeaderAndIsr request (Leader:0,ISR:0,LeaderEpoch:2,ControllerEpoch:4) to broker 0 for partition [ttttttttttttt,0] (state.change.logger)
[2016-07-07 15:33:25,584] TRACE Controller 0 epoch 4 sending UpdateMetadata request (Leader:0,ISR:0,LeaderEpoch:1,ControllerEpoch:4) to broker 0 for partition qqqqqqqqqqqqqq-0 (state.change.logger)
[2016-07-07 15:33:25,584] TRACE Controller 0 epoch 4 sending UpdateMetadata request (Leader:0,ISR:0,LeaderEpoch:3,ControllerEpoch:4) to broker 0 for partition test-0 (state.change.logger)
[2016-07-07 15:33:25,584] TRACE Controller 0 epoch 4 sending UpdateMetadata request (Leader:0,ISR:0,LeaderEpoch:2,ControllerEpoch:4) to broker 0 for partition ttttttttttttt-0 (state.change.logger)
[2016-07-07 15:33:25,712] TRACE Broker 0 cached leader info (LeaderAndIsrInfo:(Leader:0,ISR:0,LeaderEpoch:1,ControllerEpoch:3),ReplicationFactor:1),AllReplicas:0) for partition [ttttttttttttt,0] in response to UpdateMetadata request sent by controller 0 epoch 4 with correlation id 0 (state.change.logger)
[2016-07-07 15:33:25,712] TRACE Broker 0 cached leader info (LeaderAndIsrInfo:(Leader:0,ISR:0,LeaderEpoch:0,ControllerEpoch:3),ReplicationFactor:1),AllReplicas:0) for partition [qqqqqqqqqqqqqq,0] in response to UpdateMetadata request sent by controller 0 epoch 4 with correlation id 0 (state.change.logger)
[2016-07-07 15:33:25,712] TRACE Broker 0 cached leader info (LeaderAndIsrInfo:(Leader:0,ISR:0,LeaderEpoch:2,ControllerEpoch:3),ReplicationFactor:1),AllReplicas:0) for partition [test,0] in response to UpdateMetadata request sent by controller 0 epoch 4 with correlation id 0 (state.change.logger)
[2016-07-07 15:33:25,729] TRACE Controller 0 epoch 4 received response {error_code=0} for a request sent to broker Node(0, jeakeven, 9092) (state.change.logger)
[2016-07-07 15:33:25,959] TRACE Broker 0 received LeaderAndIsr request (LeaderAndIsrInfo:(Leader:0,ISR:0,LeaderEpoch:1,ControllerEpoch:3),ReplicationFactor:1),AllReplicas:0) correlation id 1 from controller 0 epoch 4 for partition [ttttttttttttt,0] (state.change.logger)
[2016-07-07 15:33:25,959] TRACE Broker 0 received LeaderAndIsr request (LeaderAndIsrInfo:(Leader:0,ISR:0,LeaderEpoch:0,ControllerEpoch:3),ReplicationFactor:1),AllReplicas:0) correlation id 1 from controller 0 epoch 4 for partition [qqqqqqqqqqqqqq,0] (state.change.logger)
[2016-07-07 15:33:25,959] TRACE Broker 0 received LeaderAndIsr request (LeaderAndIsrInfo:(Leader:0,ISR:0,LeaderEpoch:2,ControllerEpoch:3),ReplicationFactor:1),AllReplicas:0) correlation id 1 from controller 0 epoch 4 for partition [test,0] (state.change.logger)
[2016-07-07 15:33:25,978] TRACE Broker 0 handling LeaderAndIsr request correlationId 1 from controller 0 epoch 4 starting the become-leader transition for partition [ttttttttttttt,0] (state.change.logger)
[2016-07-07 15:33:25,978] TRACE Broker 0 handling LeaderAndIsr request correlationId 1 from controller 0 epoch 4 starting the become-leader transition for partition [qqqqqqqqqqqqqq,0] (state.change.logger)
[2016-07-07 15:33:25,979] TRACE Broker 0 handling LeaderAndIsr request correlationId 1 from controller 0 epoch 4 starting the become-leader transition for partition [test,0] (state.change.logger)
[2016-07-07 15:33:26,071] TRACE Broker 0 stopped fetchers as part of become-leader request from controller 0 epoch 4 with correlation id 1 for partition [ttttttttttttt,0] (state.change.logger)
[2016-07-07 15:33:26,071] TRACE Broker 0 stopped fetchers as part of become-leader request from controller 0 epoch 4 with correlation id 1 for partition [qqqqqqqqqqqqqq,0] (state.change.logger)
[2016-07-07 15:33:26,071] TRACE Broker 0 stopped fetchers as part of become-leader request from controller 0 epoch 4 with correlation id 1 for partition [test,0] (state.change.logger)
[2016-07-07 15:33:26,073] TRACE Broker 0 completed LeaderAndIsr request correlationId 1 from controller 0 epoch 4 for the become-leader transition for partition [ttttttttttttt,0] (state.change.logger)
[2016-07-07 15:33:26,073] TRACE Broker 0 completed LeaderAndIsr request correlationId 1 from controller 0 epoch 4 for the become-leader transition for partition [qqqqqqqqqqqqqq,0] (state.change.logger)
[2016-07-07 15:33:26,073] TRACE Broker 0 completed LeaderAndIsr request correlationId 1 from controller 0 epoch 4 for the become-leader transition for partition [test,0] (state.change.logger)
[2016-07-07 15:33:26,108] TRACE Controller 0 epoch 4 received response {error_code=0,partitions=[{topic=ttttttttttttt,partition=0,error_code=0},{topic=qqqqqqqqqqqqqq,partition=0,error_code=0},{topic=test,partition=0,error_code=0}]} for a request sent to broker Node(0, jeakeven, 9092) (state.change.logger)
[2016-07-07 15:33:26,110] TRACE Broker 0 cached leader info (LeaderAndIsrInfo:(Leader:0,ISR:0,LeaderEpoch:1,ControllerEpoch:3),ReplicationFactor:1),AllReplicas:0) for partition [ttttttttttttt,0] in response to UpdateMetadata request sent by controller 0 epoch 4 with correlation id 2 (state.change.logger)
[2016-07-07 15:33:26,111] TRACE Broker 0 cached leader info (LeaderAndIsrInfo:(Leader:0,ISR:0,LeaderEpoch:0,ControllerEpoch:3),ReplicationFactor:1),AllReplicas:0) for partition [qqqqqqqqqqqqqq,0] in response to UpdateMetadata request sent by controller 0 epoch 4 with correlation id 2 (state.change.logger)
[2016-07-07 15:33:26,111] TRACE Broker 0 cached leader info (LeaderAndIsrInfo:(Leader:0,ISR:0,LeaderEpoch:2,ControllerEpoch:3),ReplicationFactor:1),AllReplicas:0) for partition [test,0] in response to UpdateMetadata request sent by controller 0 epoch 4 with correlation id 2 (state.change.logger)
[2016-07-07 15:33:26,112] TRACE Controller 0 epoch 4 received response {error_code=0} for a request sent to broker Node(0, jeakeven, 9092) (state.change.logger)
[2016-07-07 15:33:26,119] TRACE Broker 0 received LeaderAndIsr request (LeaderAndIsrInfo:(Leader:0,ISR:0,LeaderEpoch:2,ControllerEpoch:4),ReplicationFactor:1),AllReplicas:0) correlation id 3 from controller 0 epoch 4 for partition [ttttttttttttt,0] (state.change.logger)
[2016-07-07 15:33:26,119] TRACE Broker 0 received LeaderAndIsr request (LeaderAndIsrInfo:(Leader:0,ISR:0,LeaderEpoch:1,ControllerEpoch:4),ReplicationFactor:1),AllReplicas:0) correlation id 3 from controller 0 epoch 4 for partition [qqqqqqqqqqqqqq,0] (state.change.logger)
[2016-07-07 15:33:26,119] TRACE Broker 0 received LeaderAndIsr request (LeaderAndIsrInfo:(Leader:0,ISR:0,LeaderEpoch:3,ControllerEpoch:4),ReplicationFactor:1),AllReplicas:0) correlation id 3 from controller 0 epoch 4 for partition [test,0] (state.change.logger)
[2016-07-07 15:33:26,119] TRACE Broker 0 handling LeaderAndIsr request correlationId 3 from controller 0 epoch 4 starting the become-leader transition for partition [ttttttttttttt,0] (state.change.logger)
[2016-07-07 15:33:26,119] TRACE Broker 0 handling LeaderAndIsr request correlationId 3 from controller 0 epoch 4 starting the become-leader transition for partition [qqqqqqqqqqqqqq,0] (state.change.logger)
[2016-07-07 15:33:26,119] TRACE Broker 0 handling LeaderAndIsr request correlationId 3 from controller 0 epoch 4 starting the become-leader transition for partition [test,0] (state.change.logger)
[2016-07-07 15:33:26,123] INFO Broker 0 skipped the become-leader state change after marking its partition as leader with correlation id 3 from controller 0 epoch 4 for partition [ttttttttttttt,0] since it is already the leader for the partition. (state.change.logger)
[2016-07-07 15:33:26,124] INFO Broker 0 skipped the become-leader state change after marking its partition as leader with correlation id 3 from controller 0 epoch 4 for partition [qqqqqqqqqqqqqq,0] since it is already the leader for the partition. (state.change.logger)
[2016-07-07 15:33:26,124] INFO Broker 0 skipped the become-leader state change after marking its partition as leader with correlation id 3 from controller 0 epoch 4 for partition [test,0] since it is already the leader for the partition. (state.change.logger)
[2016-07-07 15:33:26,124] TRACE Broker 0 completed LeaderAndIsr request correlationId 3 from controller 0 epoch 4 for the become-leader transition for partition [ttttttttttttt,0] (state.change.logger)
[2016-07-07 15:33:26,124] TRACE Broker 0 completed LeaderAndIsr request correlationId 3 from controller 0 epoch 4 for the become-leader transition for partition [qqqqqqqqqqqqqq,0] (state.change.logger)
[2016-07-07 15:33:26,124] TRACE Broker 0 completed LeaderAndIsr request correlationId 3 from controller 0 epoch 4 for the become-leader transition for partition [test,0] (state.change.logger)
[2016-07-07 15:33:26,126] TRACE Controller 0 epoch 4 received response {error_code=0,partitions=[{topic=ttttttttttttt,partition=0,error_code=0},{topic=qqqqqqqqqqqqqq,partition=0,error_code=0},{topic=test,partition=0,error_code=0}]} for a request sent to broker Node(0, jeakeven, 9092) (state.change.logger)
[2016-07-07 15:33:26,156] TRACE Broker 0 cached leader info (LeaderAndIsrInfo:(Leader:0,ISR:0,LeaderEpoch:2,ControllerEpoch:4),ReplicationFactor:1),AllReplicas:0) for partition [ttttttttttttt,0] in response to UpdateMetadata request sent by controller 0 epoch 4 with correlation id 4 (state.change.logger)
[2016-07-07 15:33:26,156] TRACE Broker 0 cached leader info (LeaderAndIsrInfo:(Leader:0,ISR:0,LeaderEpoch:1,ControllerEpoch:4),ReplicationFactor:1),AllReplicas:0) for partition [qqqqqqqqqqqqqq,0] in response to UpdateMetadata request sent by controller 0 epoch 4 with correlation id 4 (state.change.logger)
[2016-07-07 15:33:26,156] TRACE Broker 0 cached leader info (LeaderAndIsrInfo:(Leader:0,ISR:0,LeaderEpoch:3,ControllerEpoch:4),ReplicationFactor:1),AllReplicas:0) for partition [test,0] in response to UpdateMetadata request sent by controller 0 epoch 4 with correlation id 4 (state.change.logger)
[2016-07-07 15:33:26,162] TRACE Controller 0 epoch 4 received response {error_code=0} for a request sent to broker Node(0, jeakeven, 9092) (state.change.logger)
[2016-07-07 15:34:07,977] TRACE Controller 0 epoch 5 started leader election for partition [ttttttttttttt,0] (state.change.logger)
[2016-07-07 15:34:08,029] ERROR Controller 0 epoch 5 initiated state change for partition [ttttttttttttt,0] from OfflinePartition to OnlinePartition failed (state.change.logger)
kafka.common.NoReplicaOnlineException: No replica for partition [ttttttttttttt,0] is alive. Live brokers are: [Set()], Assigned replicas are: [List(0)]
	at kafka.controller.OfflinePartitionLeaderSelector.selectLeader(PartitionLeaderSelector.scala:75)
	at kafka.controller.PartitionStateMachine.electLeaderForPartition(PartitionStateMachine.scala:345)
	at kafka.controller.PartitionStateMachine.kafka$controller$PartitionStateMachine$$handleStateChange(PartitionStateMachine.scala:205)
	at kafka.controller.PartitionStateMachine$$anonfun$triggerOnlinePartitionStateChange$3.apply(PartitionStateMachine.scala:120)
	at kafka.controller.PartitionStateMachine$$anonfun$triggerOnlinePartitionStateChange$3.apply(PartitionStateMachine.scala:117)
	at scala.collection.TraversableLike$WithFilter$$anonfun$foreach$1.apply(TraversableLike.scala:778)
	at scala.collection.mutable.HashMap$$anonfun$foreach$1.apply(HashMap.scala:99)
	at scala.collection.mutable.HashMap$$anonfun$foreach$1.apply(HashMap.scala:99)
	at scala.collection.mutable.HashTable$class.foreachEntry(HashTable.scala:230)
	at scala.collection.mutable.HashMap.foreachEntry(HashMap.scala:40)
	at scala.collection.mutable.HashMap.foreach(HashMap.scala:99)
	at scala.collection.TraversableLike$WithFilter.foreach(TraversableLike.scala:777)
	at kafka.controller.PartitionStateMachine.triggerOnlinePartitionStateChange(PartitionStateMachine.scala:117)
	at kafka.controller.PartitionStateMachine.startup(PartitionStateMachine.scala:70)
	at kafka.controller.KafkaController.onControllerFailover(KafkaController.scala:332)
	at kafka.controller.KafkaController$$anonfun$1.apply$mcV$sp(KafkaController.scala:163)
	at kafka.server.ZookeeperLeaderElector.elect(ZookeeperLeaderElector.scala:84)
	at kafka.server.ZookeeperLeaderElector$$anonfun$startup$1.apply$mcZ$sp(ZookeeperLeaderElector.scala:50)
	at kafka.server.ZookeeperLeaderElector$$anonfun$startup$1.apply(ZookeeperLeaderElector.scala:48)
	at kafka.server.ZookeeperLeaderElector$$anonfun$startup$1.apply(ZookeeperLeaderElector.scala:48)
	at kafka.utils.CoreUtils$.inLock(CoreUtils.scala:262)
	at kafka.server.ZookeeperLeaderElector.startup(ZookeeperLeaderElector.scala:48)
	at kafka.controller.KafkaController$$anonfun$startup$1.apply$mcV$sp(KafkaController.scala:681)
	at kafka.controller.KafkaController$$anonfun$startup$1.apply(KafkaController.scala:677)
	at kafka.controller.KafkaController$$anonfun$startup$1.apply(KafkaController.scala:677)
	at kafka.utils.CoreUtils$.inLock(CoreUtils.scala:262)
	at kafka.controller.KafkaController.startup(KafkaController.scala:677)
	at kafka.server.KafkaServer.startup(KafkaServer.scala:188)
	at kafka.server.KafkaServerStartable.startup(KafkaServerStartable.scala:37)
	at kafka.Kafka$.main(Kafka.scala:67)
	at kafka.Kafka.main(Kafka.scala)
[2016-07-07 15:34:08,044] TRACE Controller 0 epoch 5 started leader election for partition [qqqqqqqqqqqqqq,0] (state.change.logger)
[2016-07-07 15:34:08,072] ERROR Controller 0 epoch 5 initiated state change for partition [qqqqqqqqqqqqqq,0] from OfflinePartition to OnlinePartition failed (state.change.logger)
kafka.common.NoReplicaOnlineException: No replica for partition [qqqqqqqqqqqqqq,0] is alive. Live brokers are: [Set()], Assigned replicas are: [List(0)]
	at kafka.controller.OfflinePartitionLeaderSelector.selectLeader(PartitionLeaderSelector.scala:75)
	at kafka.controller.PartitionStateMachine.electLeaderForPartition(PartitionStateMachine.scala:345)
	at kafka.controller.PartitionStateMachine.kafka$controller$PartitionStateMachine$$handleStateChange(PartitionStateMachine.scala:205)
	at kafka.controller.PartitionStateMachine$$anonfun$triggerOnlinePartitionStateChange$3.apply(PartitionStateMachine.scala:120)
	at kafka.controller.PartitionStateMachine$$anonfun$triggerOnlinePartitionStateChange$3.apply(PartitionStateMachine.scala:117)
	at scala.collection.TraversableLike$WithFilter$$anonfun$foreach$1.apply(TraversableLike.scala:778)
	at scala.collection.mutable.HashMap$$anonfun$foreach$1.apply(HashMap.scala:99)
	at scala.collection.mutable.HashMap$$anonfun$foreach$1.apply(HashMap.scala:99)
	at scala.collection.mutable.HashTable$class.foreachEntry(HashTable.scala:230)
	at scala.collection.mutable.HashMap.foreachEntry(HashMap.scala:40)
	at scala.collection.mutable.HashMap.foreach(HashMap.scala:99)
	at scala.collection.TraversableLike$WithFilter.foreach(TraversableLike.scala:777)
	at kafka.controller.PartitionStateMachine.triggerOnlinePartitionStateChange(PartitionStateMachine.scala:117)
	at kafka.controller.PartitionStateMachine.startup(PartitionStateMachine.scala:70)
	at kafka.controller.KafkaController.onControllerFailover(KafkaController.scala:332)
	at kafka.controller.KafkaController$$anonfun$1.apply$mcV$sp(KafkaController.scala:163)
	at kafka.server.ZookeeperLeaderElector.elect(ZookeeperLeaderElector.scala:84)
	at kafka.server.ZookeeperLeaderElector$$anonfun$startup$1.apply$mcZ$sp(ZookeeperLeaderElector.scala:50)
	at kafka.server.ZookeeperLeaderElector$$anonfun$startup$1.apply(ZookeeperLeaderElector.scala:48)
	at kafka.server.ZookeeperLeaderElector$$anonfun$startup$1.apply(ZookeeperLeaderElector.scala:48)
	at kafka.utils.CoreUtils$.inLock(CoreUtils.scala:262)
	at kafka.server.ZookeeperLeaderElector.startup(ZookeeperLeaderElector.scala:48)
	at kafka.controller.KafkaController$$anonfun$startup$1.apply$mcV$sp(KafkaController.scala:681)
	at kafka.controller.KafkaController$$anonfun$startup$1.apply(KafkaController.scala:677)
	at kafka.controller.KafkaController$$anonfun$startup$1.apply(KafkaController.scala:677)
	at kafka.utils.CoreUtils$.inLock(CoreUtils.scala:262)
	at kafka.controller.KafkaController.startup(KafkaController.scala:677)
	at kafka.server.KafkaServer.startup(KafkaServer.scala:188)
	at kafka.server.KafkaServerStartable.startup(KafkaServerStartable.scala:37)
	at kafka.Kafka$.main(Kafka.scala:67)
	at kafka.Kafka.main(Kafka.scala)
[2016-07-07 15:34:08,078] TRACE Controller 0 epoch 5 started leader election for partition [test,0] (state.change.logger)
[2016-07-07 15:34:08,095] ERROR Controller 0 epoch 5 initiated state change for partition [test,0] from OfflinePartition to OnlinePartition failed (state.change.logger)
kafka.common.NoReplicaOnlineException: No replica for partition [test,0] is alive. Live brokers are: [Set()], Assigned replicas are: [List(0)]
	at kafka.controller.OfflinePartitionLeaderSelector.selectLeader(PartitionLeaderSelector.scala:75)
	at kafka.controller.PartitionStateMachine.electLeaderForPartition(PartitionStateMachine.scala:345)
	at kafka.controller.PartitionStateMachine.kafka$controller$PartitionStateMachine$$handleStateChange(PartitionStateMachine.scala:205)
	at kafka.controller.PartitionStateMachine$$anonfun$triggerOnlinePartitionStateChange$3.apply(PartitionStateMachine.scala:120)
	at kafka.controller.PartitionStateMachine$$anonfun$triggerOnlinePartitionStateChange$3.apply(PartitionStateMachine.scala:117)
	at scala.collection.TraversableLike$WithFilter$$anonfun$foreach$1.apply(TraversableLike.scala:778)
	at scala.collection.mutable.HashMap$$anonfun$foreach$1.apply(HashMap.scala:99)
	at scala.collection.mutable.HashMap$$anonfun$foreach$1.apply(HashMap.scala:99)
	at scala.collection.mutable.HashTable$class.foreachEntry(HashTable.scala:230)
	at scala.collection.mutable.HashMap.foreachEntry(HashMap.scala:40)
	at scala.collection.mutable.HashMap.foreach(HashMap.scala:99)
	at scala.collection.TraversableLike$WithFilter.foreach(TraversableLike.scala:777)
	at kafka.controller.PartitionStateMachine.triggerOnlinePartitionStateChange(PartitionStateMachine.scala:117)
	at kafka.controller.PartitionStateMachine.startup(PartitionStateMachine.scala:70)
	at kafka.controller.KafkaController.onControllerFailover(KafkaController.scala:332)
	at kafka.controller.KafkaController$$anonfun$1.apply$mcV$sp(KafkaController.scala:163)
	at kafka.server.ZookeeperLeaderElector.elect(ZookeeperLeaderElector.scala:84)
	at kafka.server.ZookeeperLeaderElector$$anonfun$startup$1.apply$mcZ$sp(ZookeeperLeaderElector.scala:50)
	at kafka.server.ZookeeperLeaderElector$$anonfun$startup$1.apply(ZookeeperLeaderElector.scala:48)
	at kafka.server.ZookeeperLeaderElector$$anonfun$startup$1.apply(ZookeeperLeaderElector.scala:48)
	at kafka.utils.CoreUtils$.inLock(CoreUtils.scala:262)
	at kafka.server.ZookeeperLeaderElector.startup(ZookeeperLeaderElector.scala:48)
	at kafka.controller.KafkaController$$anonfun$startup$1.apply$mcV$sp(KafkaController.scala:681)
	at kafka.controller.KafkaController$$anonfun$startup$1.apply(KafkaController.scala:677)
	at kafka.controller.KafkaController$$anonfun$startup$1.apply(KafkaController.scala:677)
	at kafka.utils.CoreUtils$.inLock(CoreUtils.scala:262)
	at kafka.controller.KafkaController.startup(KafkaController.scala:677)
	at kafka.server.KafkaServer.startup(KafkaServer.scala:188)
	at kafka.server.KafkaServerStartable.startup(KafkaServerStartable.scala:37)
	at kafka.Kafka$.main(Kafka.scala:67)
	at kafka.Kafka.main(Kafka.scala)
[2016-07-07 15:34:08,837] TRACE Controller 0 epoch 5 sending UpdateMetadata request (Leader:0,ISR:0,LeaderEpoch:1,ControllerEpoch:4) to broker 0 for partition qqqqqqqqqqqqqq-0 (state.change.logger)
[2016-07-07 15:34:08,837] TRACE Controller 0 epoch 5 sending UpdateMetadata request (Leader:0,ISR:0,LeaderEpoch:3,ControllerEpoch:4) to broker 0 for partition test-0 (state.change.logger)
[2016-07-07 15:34:08,838] TRACE Controller 0 epoch 5 sending UpdateMetadata request (Leader:0,ISR:0,LeaderEpoch:2,ControllerEpoch:4) to broker 0 for partition ttttttttttttt-0 (state.change.logger)
[2016-07-07 15:34:08,915] TRACE Controller 0 epoch 5 changed state of replica 0 for partition [ttttttttttttt,0] from ReplicaDeletionIneligible to OnlineReplica (state.change.logger)
[2016-07-07 15:34:08,920] TRACE Controller 0 epoch 5 changed state of replica 0 for partition [qqqqqqqqqqqqqq,0] from ReplicaDeletionIneligible to OnlineReplica (state.change.logger)
[2016-07-07 15:34:08,921] TRACE Controller 0 epoch 5 changed state of replica 0 for partition [test,0] from ReplicaDeletionIneligible to OnlineReplica (state.change.logger)
[2016-07-07 15:34:08,942] TRACE Controller 0 epoch 5 sending become-leader LeaderAndIsr request (Leader:0,ISR:0,LeaderEpoch:1,ControllerEpoch:4) to broker 0 for partition [qqqqqqqqqqqqqq,0] (state.change.logger)
[2016-07-07 15:34:08,942] TRACE Controller 0 epoch 5 sending become-leader LeaderAndIsr request (Leader:0,ISR:0,LeaderEpoch:3,ControllerEpoch:4) to broker 0 for partition [test,0] (state.change.logger)
[2016-07-07 15:34:08,952] TRACE Controller 0 epoch 5 sending become-leader LeaderAndIsr request (Leader:0,ISR:0,LeaderEpoch:2,ControllerEpoch:4) to broker 0 for partition [ttttttttttttt,0] (state.change.logger)
[2016-07-07 15:34:08,965] TRACE Controller 0 epoch 5 sending UpdateMetadata request (Leader:0,ISR:0,LeaderEpoch:1,ControllerEpoch:4) to broker 0 for partition qqqqqqqqqqqqqq-0 (state.change.logger)
[2016-07-07 15:34:08,965] TRACE Controller 0 epoch 5 sending UpdateMetadata request (Leader:0,ISR:0,LeaderEpoch:3,ControllerEpoch:4) to broker 0 for partition test-0 (state.change.logger)
[2016-07-07 15:34:08,965] TRACE Controller 0 epoch 5 sending UpdateMetadata request (Leader:0,ISR:0,LeaderEpoch:2,ControllerEpoch:4) to broker 0 for partition ttttttttttttt-0 (state.change.logger)
[2016-07-07 15:34:08,974] TRACE Controller 0 epoch 5 started leader election for partition [ttttttttttttt,0] (state.change.logger)
[2016-07-07 15:34:09,004] TRACE Controller 0 epoch 5 elected leader 0 for Offline partition [ttttttttttttt,0] (state.change.logger)
[2016-07-07 15:34:09,032] TRACE Controller 0 epoch 5 changed partition [ttttttttttttt,0] from OfflinePartition to OnlinePartition with leader 0 (state.change.logger)
[2016-07-07 15:34:09,034] TRACE Controller 0 epoch 5 started leader election for partition [qqqqqqqqqqqqqq,0] (state.change.logger)
[2016-07-07 15:34:09,066] TRACE Controller 0 epoch 5 elected leader 0 for Offline partition [qqqqqqqqqqqqqq,0] (state.change.logger)
[2016-07-07 15:34:09,070] TRACE Controller 0 epoch 5 changed partition [qqqqqqqqqqqqqq,0] from OfflinePartition to OnlinePartition with leader 0 (state.change.logger)
[2016-07-07 15:34:09,071] TRACE Controller 0 epoch 5 started leader election for partition [test,0] (state.change.logger)
[2016-07-07 15:34:09,095] TRACE Controller 0 epoch 5 elected leader 0 for Offline partition [test,0] (state.change.logger)
[2016-07-07 15:34:09,096] TRACE Controller 0 epoch 5 changed partition [test,0] from OfflinePartition to OnlinePartition with leader 0 (state.change.logger)
[2016-07-07 15:34:09,096] TRACE Controller 0 epoch 5 sending become-leader LeaderAndIsr request (Leader:0,ISR:0,LeaderEpoch:2,ControllerEpoch:5) to broker 0 for partition [qqqqqqqqqqqqqq,0] (state.change.logger)
[2016-07-07 15:34:09,102] TRACE Controller 0 epoch 5 sending become-leader LeaderAndIsr request (Leader:0,ISR:0,LeaderEpoch:4,ControllerEpoch:5) to broker 0 for partition [test,0] (state.change.logger)
[2016-07-07 15:34:09,102] TRACE Controller 0 epoch 5 sending become-leader LeaderAndIsr request (Leader:0,ISR:0,LeaderEpoch:3,ControllerEpoch:5) to broker 0 for partition [ttttttttttttt,0] (state.change.logger)
[2016-07-07 15:34:09,103] TRACE Controller 0 epoch 5 sending UpdateMetadata request (Leader:0,ISR:0,LeaderEpoch:2,ControllerEpoch:5) to broker 0 for partition qqqqqqqqqqqqqq-0 (state.change.logger)
[2016-07-07 15:34:09,103] TRACE Controller 0 epoch 5 sending UpdateMetadata request (Leader:0,ISR:0,LeaderEpoch:4,ControllerEpoch:5) to broker 0 for partition test-0 (state.change.logger)
[2016-07-07 15:34:09,103] TRACE Controller 0 epoch 5 sending UpdateMetadata request (Leader:0,ISR:0,LeaderEpoch:3,ControllerEpoch:5) to broker 0 for partition ttttttttttttt-0 (state.change.logger)
[2016-07-07 15:34:09,187] TRACE Broker 0 cached leader info (LeaderAndIsrInfo:(Leader:0,ISR:0,LeaderEpoch:2,ControllerEpoch:4),ReplicationFactor:1),AllReplicas:0) for partition [ttttttttttttt,0] in response to UpdateMetadata request sent by controller 0 epoch 5 with correlation id 0 (state.change.logger)
[2016-07-07 15:34:09,187] TRACE Broker 0 cached leader info (LeaderAndIsrInfo:(Leader:0,ISR:0,LeaderEpoch:1,ControllerEpoch:4),ReplicationFactor:1),AllReplicas:0) for partition [qqqqqqqqqqqqqq,0] in response to UpdateMetadata request sent by controller 0 epoch 5 with correlation id 0 (state.change.logger)
[2016-07-07 15:34:09,188] TRACE Broker 0 cached leader info (LeaderAndIsrInfo:(Leader:0,ISR:0,LeaderEpoch:3,ControllerEpoch:4),ReplicationFactor:1),AllReplicas:0) for partition [test,0] in response to UpdateMetadata request sent by controller 0 epoch 5 with correlation id 0 (state.change.logger)
[2016-07-07 15:34:09,195] TRACE Controller 0 epoch 5 received response {error_code=0} for a request sent to broker Node(0, jeakeven, 9092) (state.change.logger)
[2016-07-07 15:34:09,365] TRACE Broker 0 received LeaderAndIsr request (LeaderAndIsrInfo:(Leader:0,ISR:0,LeaderEpoch:2,ControllerEpoch:4),ReplicationFactor:1),AllReplicas:0) correlation id 1 from controller 0 epoch 5 for partition [ttttttttttttt,0] (state.change.logger)
[2016-07-07 15:34:09,366] TRACE Broker 0 received LeaderAndIsr request (LeaderAndIsrInfo:(Leader:0,ISR:0,LeaderEpoch:1,ControllerEpoch:4),ReplicationFactor:1),AllReplicas:0) correlation id 1 from controller 0 epoch 5 for partition [qqqqqqqqqqqqqq,0] (state.change.logger)
[2016-07-07 15:34:09,366] TRACE Broker 0 received LeaderAndIsr request (LeaderAndIsrInfo:(Leader:0,ISR:0,LeaderEpoch:3,ControllerEpoch:4),ReplicationFactor:1),AllReplicas:0) correlation id 1 from controller 0 epoch 5 for partition [test,0] (state.change.logger)
[2016-07-07 15:34:09,388] TRACE Broker 0 handling LeaderAndIsr request correlationId 1 from controller 0 epoch 5 starting the become-leader transition for partition [ttttttttttttt,0] (state.change.logger)
[2016-07-07 15:34:09,388] TRACE Broker 0 handling LeaderAndIsr request correlationId 1 from controller 0 epoch 5 starting the become-leader transition for partition [qqqqqqqqqqqqqq,0] (state.change.logger)
[2016-07-07 15:34:09,389] TRACE Broker 0 handling LeaderAndIsr request correlationId 1 from controller 0 epoch 5 starting the become-leader transition for partition [test,0] (state.change.logger)
[2016-07-07 15:34:09,462] TRACE Broker 0 stopped fetchers as part of become-leader request from controller 0 epoch 5 with correlation id 1 for partition [ttttttttttttt,0] (state.change.logger)
[2016-07-07 15:34:09,462] TRACE Broker 0 stopped fetchers as part of become-leader request from controller 0 epoch 5 with correlation id 1 for partition [qqqqqqqqqqqqqq,0] (state.change.logger)
[2016-07-07 15:34:09,462] TRACE Broker 0 stopped fetchers as part of become-leader request from controller 0 epoch 5 with correlation id 1 for partition [test,0] (state.change.logger)
[2016-07-07 15:34:09,463] TRACE Broker 0 completed LeaderAndIsr request correlationId 1 from controller 0 epoch 5 for the become-leader transition for partition [ttttttttttttt,0] (state.change.logger)
[2016-07-07 15:34:09,464] TRACE Broker 0 completed LeaderAndIsr request correlationId 1 from controller 0 epoch 5 for the become-leader transition for partition [qqqqqqqqqqqqqq,0] (state.change.logger)
[2016-07-07 15:34:09,464] TRACE Broker 0 completed LeaderAndIsr request correlationId 1 from controller 0 epoch 5 for the become-leader transition for partition [test,0] (state.change.logger)
[2016-07-07 15:34:09,479] TRACE Controller 0 epoch 5 received response {error_code=0,partitions=[{topic=ttttttttttttt,partition=0,error_code=0},{topic=qqqqqqqqqqqqqq,partition=0,error_code=0},{topic=test,partition=0,error_code=0}]} for a request sent to broker Node(0, jeakeven, 9092) (state.change.logger)
[2016-07-07 15:34:09,484] TRACE Broker 0 cached leader info (LeaderAndIsrInfo:(Leader:0,ISR:0,LeaderEpoch:2,ControllerEpoch:4),ReplicationFactor:1),AllReplicas:0) for partition [ttttttttttttt,0] in response to UpdateMetadata request sent by controller 0 epoch 5 with correlation id 2 (state.change.logger)
[2016-07-07 15:34:09,485] TRACE Broker 0 cached leader info (LeaderAndIsrInfo:(Leader:0,ISR:0,LeaderEpoch:1,ControllerEpoch:4),ReplicationFactor:1),AllReplicas:0) for partition [qqqqqqqqqqqqqq,0] in response to UpdateMetadata request sent by controller 0 epoch 5 with correlation id 2 (state.change.logger)
[2016-07-07 15:34:09,485] TRACE Broker 0 cached leader info (LeaderAndIsrInfo:(Leader:0,ISR:0,LeaderEpoch:3,ControllerEpoch:4),ReplicationFactor:1),AllReplicas:0) for partition [test,0] in response to UpdateMetadata request sent by controller 0 epoch 5 with correlation id 2 (state.change.logger)
[2016-07-07 15:34:09,487] TRACE Controller 0 epoch 5 received response {error_code=0} for a request sent to broker Node(0, jeakeven, 9092) (state.change.logger)
[2016-07-07 15:34:09,489] TRACE Broker 0 received LeaderAndIsr request (LeaderAndIsrInfo:(Leader:0,ISR:0,LeaderEpoch:3,ControllerEpoch:5),ReplicationFactor:1),AllReplicas:0) correlation id 3 from controller 0 epoch 5 for partition [ttttttttttttt,0] (state.change.logger)
[2016-07-07 15:34:09,489] TRACE Broker 0 received LeaderAndIsr request (LeaderAndIsrInfo:(Leader:0,ISR:0,LeaderEpoch:2,ControllerEpoch:5),ReplicationFactor:1),AllReplicas:0) correlation id 3 from controller 0 epoch 5 for partition [qqqqqqqqqqqqqq,0] (state.change.logger)
[2016-07-07 15:34:09,489] TRACE Broker 0 received LeaderAndIsr request (LeaderAndIsrInfo:(Leader:0,ISR:0,LeaderEpoch:4,ControllerEpoch:5),ReplicationFactor:1),AllReplicas:0) correlation id 3 from controller 0 epoch 5 for partition [test,0] (state.change.logger)
[2016-07-07 15:34:09,489] TRACE Broker 0 handling LeaderAndIsr request correlationId 3 from controller 0 epoch 5 starting the become-leader transition for partition [ttttttttttttt,0] (state.change.logger)
[2016-07-07 15:34:09,489] TRACE Broker 0 handling LeaderAndIsr request correlationId 3 from controller 0 epoch 5 starting the become-leader transition for partition [qqqqqqqqqqqqqq,0] (state.change.logger)
[2016-07-07 15:34:09,489] TRACE Broker 0 handling LeaderAndIsr request correlationId 3 from controller 0 epoch 5 starting the become-leader transition for partition [test,0] (state.change.logger)
[2016-07-07 15:34:09,491] INFO Broker 0 skipped the become-leader state change after marking its partition as leader with correlation id 3 from controller 0 epoch 5 for partition [ttttttttttttt,0] since it is already the leader for the partition. (state.change.logger)
[2016-07-07 15:34:09,491] INFO Broker 0 skipped the become-leader state change after marking its partition as leader with correlation id 3 from controller 0 epoch 5 for partition [qqqqqqqqqqqqqq,0] since it is already the leader for the partition. (state.change.logger)
[2016-07-07 15:34:09,491] INFO Broker 0 skipped the become-leader state change after marking its partition as leader with correlation id 3 from controller 0 epoch 5 for partition [test,0] since it is already the leader for the partition. (state.change.logger)
[2016-07-07 15:34:09,491] TRACE Broker 0 completed LeaderAndIsr request correlationId 3 from controller 0 epoch 5 for the become-leader transition for partition [ttttttttttttt,0] (state.change.logger)
[2016-07-07 15:34:09,491] TRACE Broker 0 completed LeaderAndIsr request correlationId 3 from controller 0 epoch 5 for the become-leader transition for partition [qqqqqqqqqqqqqq,0] (state.change.logger)
[2016-07-07 15:34:09,491] TRACE Broker 0 completed LeaderAndIsr request correlationId 3 from controller 0 epoch 5 for the become-leader transition for partition [test,0] (state.change.logger)
[2016-07-07 15:34:09,492] TRACE Controller 0 epoch 5 received response {error_code=0,partitions=[{topic=ttttttttttttt,partition=0,error_code=0},{topic=qqqqqqqqqqqqqq,partition=0,error_code=0},{topic=test,partition=0,error_code=0}]} for a request sent to broker Node(0, jeakeven, 9092) (state.change.logger)
[2016-07-07 15:34:09,494] TRACE Broker 0 cached leader info (LeaderAndIsrInfo:(Leader:0,ISR:0,LeaderEpoch:3,ControllerEpoch:5),ReplicationFactor:1),AllReplicas:0) for partition [ttttttttttttt,0] in response to UpdateMetadata request sent by controller 0 epoch 5 with correlation id 4 (state.change.logger)
[2016-07-07 15:34:09,494] TRACE Broker 0 cached leader info (LeaderAndIsrInfo:(Leader:0,ISR:0,LeaderEpoch:2,ControllerEpoch:5),ReplicationFactor:1),AllReplicas:0) for partition [qqqqqqqqqqqqqq,0] in response to UpdateMetadata request sent by controller 0 epoch 5 with correlation id 4 (state.change.logger)
[2016-07-07 15:34:09,494] TRACE Broker 0 cached leader info (LeaderAndIsrInfo:(Leader:0,ISR:0,LeaderEpoch:4,ControllerEpoch:5),ReplicationFactor:1),AllReplicas:0) for partition [test,0] in response to UpdateMetadata request sent by controller 0 epoch 5 with correlation id 4 (state.change.logger)
[2016-07-07 15:34:09,495] TRACE Controller 0 epoch 5 received response {error_code=0} for a request sent to broker Node(0, jeakeven, 9092) (state.change.logger)
[2016-07-07 15:35:30,710] TRACE Controller 0 epoch 5 changed partition [test123,0] state from NonExistentPartition to NewPartition with assigned replicas 0 (state.change.logger)
[2016-07-07 15:35:30,724] TRACE Controller 0 epoch 5 changed state of replica 0 for partition [test123,0] from NonExistentReplica to NewReplica (state.change.logger)
[2016-07-07 15:35:30,770] TRACE Controller 0 epoch 5 changed partition [test123,0] from NewPartition to OnlinePartition with leader 0 (state.change.logger)
[2016-07-07 15:35:30,771] TRACE Controller 0 epoch 5 sending become-leader LeaderAndIsr request (Leader:0,ISR:0,LeaderEpoch:0,ControllerEpoch:5) to broker 0 for partition [test123,0] (state.change.logger)
[2016-07-07 15:35:30,773] TRACE Broker 0 received LeaderAndIsr request (LeaderAndIsrInfo:(Leader:0,ISR:0,LeaderEpoch:0,ControllerEpoch:5),ReplicationFactor:1),AllReplicas:0) correlation id 5 from controller 0 epoch 5 for partition [test123,0] (state.change.logger)
[2016-07-07 15:35:30,778] TRACE Broker 0 handling LeaderAndIsr request correlationId 5 from controller 0 epoch 5 starting the become-leader transition for partition [test123,0] (state.change.logger)
[2016-07-07 15:35:30,787] TRACE Controller 0 epoch 5 sending UpdateMetadata request (Leader:0,ISR:0,LeaderEpoch:0,ControllerEpoch:5) to broker 0 for partition test123-0 (state.change.logger)
[2016-07-07 15:35:30,788] TRACE Controller 0 epoch 5 changed state of replica 0 for partition [test123,0] from NewReplica to OnlineReplica (state.change.logger)
[2016-07-07 15:35:30,810] TRACE Broker 0 stopped fetchers as part of become-leader request from controller 0 epoch 5 with correlation id 5 for partition [test123,0] (state.change.logger)
[2016-07-07 15:35:30,813] TRACE Broker 0 completed LeaderAndIsr request correlationId 5 from controller 0 epoch 5 for the become-leader transition for partition [test123,0] (state.change.logger)
[2016-07-07 15:35:30,816] TRACE Controller 0 epoch 5 received response {error_code=0,partitions=[{topic=test123,partition=0,error_code=0}]} for a request sent to broker Node(0, jeakeven, 9092) (state.change.logger)
[2016-07-07 15:35:30,817] TRACE Broker 0 cached leader info (LeaderAndIsrInfo:(Leader:0,ISR:0,LeaderEpoch:0,ControllerEpoch:5),ReplicationFactor:1),AllReplicas:0) for partition [test123,0] in response to UpdateMetadata request sent by controller 0 epoch 5 with correlation id 6 (state.change.logger)
[2016-07-07 15:35:30,819] TRACE Controller 0 epoch 5 received response {error_code=0} for a request sent to broker Node(0, jeakeven, 9092) (state.change.logger)
